2023-05-01T11:40:42.0540150+01:00 [INF] () Corporate Application Starting.
2023-05-01T11:40:55.3403170+01:00 [FTL] (Microsoft.AspNetCore.Hosting.Diagnostics) Application startup exception
System.InvalidOperationException: Action 'CIB.CorporateAdmin.Controllers.ComporateSalaryScheduleController.SetAuthorizationWorkFlow (CIB.CorporateAdmin)' has more than one parameter that was specified or inferred as bound from request body. Only one parameter per action may be bound from body. Inspect the following parameters, and use 'FromQueryAttribute' to specify bound from query, 'FromRouteAttribute' to specify bound from route, and 'FromBodyAttribute' for parameters to be bound from body:
List<TblWorkflowHierarchy> workflowHierarchies
TblNipbulkTransferLog tranlg
   at Microsoft.AspNetCore.Mvc.ApplicationModels.InferParameterBindingInfoConvention.InferParameterBindingSources(ActionModel action)
   at Microsoft.AspNetCore.Mvc.ApplicationModels.InferParameterBindingInfoConvention.Apply(ActionModel action)
   at Microsoft.AspNetCore.Mvc.ApplicationModels.ApiBehaviorApplicationModelProvider.OnProvidersExecuting(ApplicationModelProviderContext context)
   at Microsoft.AspNetCore.Mvc.ApplicationModels.ApplicationModelFactory.CreateApplicationModel(IEnumerable`1 controllerTypes)
   at Microsoft.AspNetCore.Mvc.ApplicationModels.ControllerActionDescriptorProvider.GetDescriptors()
   at Microsoft.AspNetCore.Mvc.ApplicationModels.ControllerActionDescriptorProvider.OnProvidersExecuting(ActionDescriptorProviderContext context)
   at Microsoft.AspNetCore.Mvc.Infrastructure.DefaultActionDescriptorCollectionProvider.UpdateCollection()
   at Microsoft.AspNetCore.Mvc.Infrastructure.DefaultActionDescriptorCollectionProvider.Initialize()
   at Microsoft.AspNetCore.Mvc.Infrastructure.DefaultActionDescriptorCollectionProvider.GetChangeToken()
   at Microsoft.AspNetCore.Mvc.Routing.ActionEndpointDataSourceBase.<>c__DisplayClass11_0.<Subscribe>b__0()
   at Microsoft.Extensions.Primitives.ChangeToken.OnChange(Func`1 changeTokenProducer, Action changeTokenConsumer)
   at Microsoft.AspNetCore.Mvc.Routing.ActionEndpointDataSourceBase.Subscribe()
   at Microsoft.AspNetCore.Mvc.Routing.ControllerActionEndpointDataSource..ctor(ControllerActionEndpointDataSourceIdProvider dataSourceIdProvider, IActionDescriptorCollectionProvider actions, ActionEndpointFactory endpointFactory, OrderedEndpointsSequenceProvider orderSequence)
   at Microsoft.AspNetCore.Builder.ControllerEndpointRouteBuilderExtensions.GetOrCreateDataSource(IEndpointRouteBuilder endpoints)
   at Microsoft.AspNetCore.Builder.ControllerEndpointRouteBuilderExtensions.MapControllers(IEndpointRouteBuilder endpoints)
   at CIB.CorporateAdmin.Startup.<>c.<Configure>b__6_1(IEndpointRouteBuilder endpoints) in /Users/kufregodwin/Projects/parallex-backend/CIB.CorporateAdmin/Startup.cs:line 135
   at Microsoft.AspNetCore.Builder.EndpointRoutingApplicationBuilderExtensions.UseEndpoints(IApplicationBuilder builder, Action`1 configure)
   at CIB.CorporateAdmin.Startup.Configure(IApplicationBuilder app, IWebHostEnvironment env) in /Users/kufregodwin/Projects/parallex-backend/CIB.CorporateAdmin/Startup.cs:line 135
   at System.RuntimeMethodHandle.InvokeMethod(Object target, Object[] arguments, Signature sig, Boolean constructor, Boolean wrapExceptions)
   at System.Reflection.RuntimeMethodInfo.Invoke(Object obj, BindingFlags invokeAttr, Binder binder, Object[] parameters, CultureInfo culture)
   at Microsoft.AspNetCore.Hosting.ConfigureBuilder.Invoke(Object instance, IApplicationBuilder builder)
   at Microsoft.AspNetCore.Hosting.ConfigureBuilder.<>c__DisplayClass4_0.<Build>b__0(IApplicationBuilder builder)
   at Microsoft.AspNetCore.Hosting.GenericWebHostBuilder.<>c__DisplayClass15_0.<UseStartup>b__1(IApplicationBuilder app)
   at Microsoft.AspNetCore.Mvc.Filters.MiddlewareFilterBuilderStartupFilter.<>c__DisplayClass0_0.<Configure>g__MiddlewareFilterBuilder|0(IApplicationBuilder builder)
   at Microsoft.AspNetCore.HostFilteringStartupFilter.<>c__DisplayClass0_0.<Configure>b__0(IApplicationBuilder app)
   at Microsoft.AspNetCore.Hosting.GenericWebHostService.StartAsync(CancellationToken cancellationToken)
2023-05-01T11:40:55.3810640+01:00 [FTL] () The Application failed to start.
System.InvalidOperationException: Action 'CIB.CorporateAdmin.Controllers.ComporateSalaryScheduleController.SetAuthorizationWorkFlow (CIB.CorporateAdmin)' has more than one parameter that was specified or inferred as bound from request body. Only one parameter per action may be bound from body. Inspect the following parameters, and use 'FromQueryAttribute' to specify bound from query, 'FromRouteAttribute' to specify bound from route, and 'FromBodyAttribute' for parameters to be bound from body:
List<TblWorkflowHierarchy> workflowHierarchies
TblNipbulkTransferLog tranlg
   at Microsoft.AspNetCore.Mvc.ApplicationModels.InferParameterBindingInfoConvention.InferParameterBindingSources(ActionModel action)
   at Microsoft.AspNetCore.Mvc.ApplicationModels.InferParameterBindingInfoConvention.Apply(ActionModel action)
   at Microsoft.AspNetCore.Mvc.ApplicationModels.ApiBehaviorApplicationModelProvider.OnProvidersExecuting(ApplicationModelProviderContext context)
   at Microsoft.AspNetCore.Mvc.ApplicationModels.ApplicationModelFactory.CreateApplicationModel(IEnumerable`1 controllerTypes)
   at Microsoft.AspNetCore.Mvc.ApplicationModels.ControllerActionDescriptorProvider.GetDescriptors()
   at Microsoft.AspNetCore.Mvc.ApplicationModels.ControllerActionDescriptorProvider.OnProvidersExecuting(ActionDescriptorProviderContext context)
   at Microsoft.AspNetCore.Mvc.Infrastructure.DefaultActionDescriptorCollectionProvider.UpdateCollection()
   at Microsoft.AspNetCore.Mvc.Infrastructure.DefaultActionDescriptorCollectionProvider.Initialize()
   at Microsoft.AspNetCore.Mvc.Infrastructure.DefaultActionDescriptorCollectionProvider.GetChangeToken()
   at Microsoft.AspNetCore.Mvc.Routing.ActionEndpointDataSourceBase.<>c__DisplayClass11_0.<Subscribe>b__0()
   at Microsoft.Extensions.Primitives.ChangeToken.OnChange(Func`1 changeTokenProducer, Action changeTokenConsumer)
   at Microsoft.AspNetCore.Mvc.Routing.ActionEndpointDataSourceBase.Subscribe()
   at Microsoft.AspNetCore.Mvc.Routing.ControllerActionEndpointDataSource..ctor(ControllerActionEndpointDataSourceIdProvider dataSourceIdProvider, IActionDescriptorCollectionProvider actions, ActionEndpointFactory endpointFactory, OrderedEndpointsSequenceProvider orderSequence)
   at Microsoft.AspNetCore.Builder.ControllerEndpointRouteBuilderExtensions.GetOrCreateDataSource(IEndpointRouteBuilder endpoints)
   at Microsoft.AspNetCore.Builder.ControllerEndpointRouteBuilderExtensions.MapControllers(IEndpointRouteBuilder endpoints)
   at CIB.CorporateAdmin.Startup.<>c.<Configure>b__6_1(IEndpointRouteBuilder endpoints) in /Users/kufregodwin/Projects/parallex-backend/CIB.CorporateAdmin/Startup.cs:line 135
   at Microsoft.AspNetCore.Builder.EndpointRoutingApplicationBuilderExtensions.UseEndpoints(IApplicationBuilder builder, Action`1 configure)
   at CIB.CorporateAdmin.Startup.Configure(IApplicationBuilder app, IWebHostEnvironment env) in /Users/kufregodwin/Projects/parallex-backend/CIB.CorporateAdmin/Startup.cs:line 135
   at System.RuntimeMethodHandle.InvokeMethod(Object target, Object[] arguments, Signature sig, Boolean constructor, Boolean wrapExceptions)
   at System.Reflection.RuntimeMethodInfo.Invoke(Object obj, BindingFlags invokeAttr, Binder binder, Object[] parameters, CultureInfo culture)
   at Microsoft.AspNetCore.Hosting.ConfigureBuilder.Invoke(Object instance, IApplicationBuilder builder)
   at Microsoft.AspNetCore.Hosting.ConfigureBuilder.<>c__DisplayClass4_0.<Build>b__0(IApplicationBuilder builder)
   at Microsoft.AspNetCore.Hosting.GenericWebHostBuilder.<>c__DisplayClass15_0.<UseStartup>b__1(IApplicationBuilder app)
   at Microsoft.AspNetCore.Mvc.Filters.MiddlewareFilterBuilderStartupFilter.<>c__DisplayClass0_0.<Configure>g__MiddlewareFilterBuilder|0(IApplicationBuilder builder)
   at Microsoft.AspNetCore.HostFilteringStartupFilter.<>c__DisplayClass0_0.<Configure>b__0(IApplicationBuilder app)
   at Microsoft.AspNetCore.Hosting.GenericWebHostService.StartAsync(CancellationToken cancellationToken)
   at Microsoft.Extensions.Hosting.Internal.Host.StartAsync(CancellationToken cancellationToken)
   at Microsoft.Extensions.Hosting.HostingAbstractionsHostExtensions.RunAsync(IHost host, CancellationToken token)
   at Microsoft.Extensions.Hosting.HostingAbstractionsHostExtensions.RunAsync(IHost host, CancellationToken token)
   at Microsoft.Extensions.Hosting.HostingAbstractionsHostExtensions.Run(IHost host)
   at CIB.CorporateAdmin.Program.Main(String[] args) in /Users/kufregodwin/Projects/parallex-backend/CIB.CorporateAdmin/Program.cs:line 23
2023-05-01T11:46:23.3378320+01:00 [INF] () Corporate Application Starting.
2023-05-01T11:47:02.8438030+01:00 [FTL] (Microsoft.AspNetCore.Hosting.Diagnostics) Application startup exception
System.InvalidOperationException: Action 'CIB.CorporateAdmin.Controllers.ComporateSalaryScheduleController.SetAuthorizationWorkFlow (CIB.CorporateAdmin)' has more than one parameter that was specified or inferred as bound from request body. Only one parameter per action may be bound from body. Inspect the following parameters, and use 'FromQueryAttribute' to specify bound from query, 'FromRouteAttribute' to specify bound from route, and 'FromBodyAttribute' for parameters to be bound from body:
List<TblWorkflowHierarchy> workflowHierarchies
TblNipbulkTransferLog tranlg
   at Microsoft.AspNetCore.Mvc.ApplicationModels.InferParameterBindingInfoConvention.InferParameterBindingSources(ActionModel action)
   at Microsoft.AspNetCore.Mvc.ApplicationModels.InferParameterBindingInfoConvention.Apply(ActionModel action)
   at Microsoft.AspNetCore.Mvc.ApplicationModels.ApiBehaviorApplicationModelProvider.OnProvidersExecuting(ApplicationModelProviderContext context)
   at Microsoft.AspNetCore.Mvc.ApplicationModels.ApplicationModelFactory.CreateApplicationModel(IEnumerable`1 controllerTypes)
   at Microsoft.AspNetCore.Mvc.ApplicationModels.ControllerActionDescriptorProvider.GetDescriptors()
   at Microsoft.AspNetCore.Mvc.ApplicationModels.ControllerActionDescriptorProvider.OnProvidersExecuting(ActionDescriptorProviderContext context)
   at Microsoft.AspNetCore.Mvc.Infrastructure.DefaultActionDescriptorCollectionProvider.UpdateCollection()
   at Microsoft.AspNetCore.Mvc.Infrastructure.DefaultActionDescriptorCollectionProvider.Initialize()
   at Microsoft.AspNetCore.Mvc.Infrastructure.DefaultActionDescriptorCollectionProvider.GetChangeToken()
   at Microsoft.AspNetCore.Mvc.Routing.ActionEndpointDataSourceBase.<>c__DisplayClass11_0.<Subscribe>b__0()
   at Microsoft.Extensions.Primitives.ChangeToken.OnChange(Func`1 changeTokenProducer, Action changeTokenConsumer)
   at Microsoft.AspNetCore.Mvc.Routing.ActionEndpointDataSourceBase.Subscribe()
   at Microsoft.AspNetCore.Mvc.Routing.ControllerActionEndpointDataSource..ctor(ControllerActionEndpointDataSourceIdProvider dataSourceIdProvider, IActionDescriptorCollectionProvider actions, ActionEndpointFactory endpointFactory, OrderedEndpointsSequenceProvider orderSequence)
   at Microsoft.AspNetCore.Builder.ControllerEndpointRouteBuilderExtensions.GetOrCreateDataSource(IEndpointRouteBuilder endpoints)
   at Microsoft.AspNetCore.Builder.ControllerEndpointRouteBuilderExtensions.MapControllers(IEndpointRouteBuilder endpoints)
   at CIB.CorporateAdmin.Startup.<>c.<Configure>b__6_1(IEndpointRouteBuilder endpoints) in /Users/kufregodwin/Projects/parallex-backend/CIB.CorporateAdmin/Startup.cs:line 135
   at Microsoft.AspNetCore.Builder.EndpointRoutingApplicationBuilderExtensions.UseEndpoints(IApplicationBuilder builder, Action`1 configure)
   at CIB.CorporateAdmin.Startup.Configure(IApplicationBuilder app, IWebHostEnvironment env) in /Users/kufregodwin/Projects/parallex-backend/CIB.CorporateAdmin/Startup.cs:line 135
   at System.RuntimeMethodHandle.InvokeMethod(Object target, Object[] arguments, Signature sig, Boolean constructor, Boolean wrapExceptions)
   at System.Reflection.RuntimeMethodInfo.Invoke(Object obj, BindingFlags invokeAttr, Binder binder, Object[] parameters, CultureInfo culture)
   at Microsoft.AspNetCore.Hosting.ConfigureBuilder.Invoke(Object instance, IApplicationBuilder builder)
   at Microsoft.AspNetCore.Hosting.ConfigureBuilder.<>c__DisplayClass4_0.<Build>b__0(IApplicationBuilder builder)
   at Microsoft.AspNetCore.Hosting.GenericWebHostBuilder.<>c__DisplayClass15_0.<UseStartup>b__1(IApplicationBuilder app)
   at Microsoft.AspNetCore.Mvc.Filters.MiddlewareFilterBuilderStartupFilter.<>c__DisplayClass0_0.<Configure>g__MiddlewareFilterBuilder|0(IApplicationBuilder builder)
   at Microsoft.AspNetCore.HostFilteringStartupFilter.<>c__DisplayClass0_0.<Configure>b__0(IApplicationBuilder app)
   at Microsoft.AspNetCore.Hosting.GenericWebHostService.StartAsync(CancellationToken cancellationToken)
2023-05-01T11:47:02.9543630+01:00 [FTL] () The Application failed to start.
System.InvalidOperationException: Action 'CIB.CorporateAdmin.Controllers.ComporateSalaryScheduleController.SetAuthorizationWorkFlow (CIB.CorporateAdmin)' has more than one parameter that was specified or inferred as bound from request body. Only one parameter per action may be bound from body. Inspect the following parameters, and use 'FromQueryAttribute' to specify bound from query, 'FromRouteAttribute' to specify bound from route, and 'FromBodyAttribute' for parameters to be bound from body:
List<TblWorkflowHierarchy> workflowHierarchies
TblNipbulkTransferLog tranlg
   at Microsoft.AspNetCore.Mvc.ApplicationModels.InferParameterBindingInfoConvention.InferParameterBindingSources(ActionModel action)
   at Microsoft.AspNetCore.Mvc.ApplicationModels.InferParameterBindingInfoConvention.Apply(ActionModel action)
   at Microsoft.AspNetCore.Mvc.ApplicationModels.ApiBehaviorApplicationModelProvider.OnProvidersExecuting(ApplicationModelProviderContext context)
   at Microsoft.AspNetCore.Mvc.ApplicationModels.ApplicationModelFactory.CreateApplicationModel(IEnumerable`1 controllerTypes)
   at Microsoft.AspNetCore.Mvc.ApplicationModels.ControllerActionDescriptorProvider.GetDescriptors()
   at Microsoft.AspNetCore.Mvc.ApplicationModels.ControllerActionDescriptorProvider.OnProvidersExecuting(ActionDescriptorProviderContext context)
   at Microsoft.AspNetCore.Mvc.Infrastructure.DefaultActionDescriptorCollectionProvider.UpdateCollection()
   at Microsoft.AspNetCore.Mvc.Infrastructure.DefaultActionDescriptorCollectionProvider.Initialize()
   at Microsoft.AspNetCore.Mvc.Infrastructure.DefaultActionDescriptorCollectionProvider.GetChangeToken()
   at Microsoft.AspNetCore.Mvc.Routing.ActionEndpointDataSourceBase.<>c__DisplayClass11_0.<Subscribe>b__0()
   at Microsoft.Extensions.Primitives.ChangeToken.OnChange(Func`1 changeTokenProducer, Action changeTokenConsumer)
   at Microsoft.AspNetCore.Mvc.Routing.ActionEndpointDataSourceBase.Subscribe()
   at Microsoft.AspNetCore.Mvc.Routing.ControllerActionEndpointDataSource..ctor(ControllerActionEndpointDataSourceIdProvider dataSourceIdProvider, IActionDescriptorCollectionProvider actions, ActionEndpointFactory endpointFactory, OrderedEndpointsSequenceProvider orderSequence)
   at Microsoft.AspNetCore.Builder.ControllerEndpointRouteBuilderExtensions.GetOrCreateDataSource(IEndpointRouteBuilder endpoints)
   at Microsoft.AspNetCore.Builder.ControllerEndpointRouteBuilderExtensions.MapControllers(IEndpointRouteBuilder endpoints)
   at CIB.CorporateAdmin.Startup.<>c.<Configure>b__6_1(IEndpointRouteBuilder endpoints) in /Users/kufregodwin/Projects/parallex-backend/CIB.CorporateAdmin/Startup.cs:line 135
   at Microsoft.AspNetCore.Builder.EndpointRoutingApplicationBuilderExtensions.UseEndpoints(IApplicationBuilder builder, Action`1 configure)
   at CIB.CorporateAdmin.Startup.Configure(IApplicationBuilder app, IWebHostEnvironment env) in /Users/kufregodwin/Projects/parallex-backend/CIB.CorporateAdmin/Startup.cs:line 135
   at System.RuntimeMethodHandle.InvokeMethod(Object target, Object[] arguments, Signature sig, Boolean constructor, Boolean wrapExceptions)
   at System.Reflection.RuntimeMethodInfo.Invoke(Object obj, BindingFlags invokeAttr, Binder binder, Object[] parameters, CultureInfo culture)
   at Microsoft.AspNetCore.Hosting.ConfigureBuilder.Invoke(Object instance, IApplicationBuilder builder)
   at Microsoft.AspNetCore.Hosting.ConfigureBuilder.<>c__DisplayClass4_0.<Build>b__0(IApplicationBuilder builder)
   at Microsoft.AspNetCore.Hosting.GenericWebHostBuilder.<>c__DisplayClass15_0.<UseStartup>b__1(IApplicationBuilder app)
   at Microsoft.AspNetCore.Mvc.Filters.MiddlewareFilterBuilderStartupFilter.<>c__DisplayClass0_0.<Configure>g__MiddlewareFilterBuilder|0(IApplicationBuilder builder)
   at Microsoft.AspNetCore.HostFilteringStartupFilter.<>c__DisplayClass0_0.<Configure>b__0(IApplicationBuilder app)
   at Microsoft.AspNetCore.Hosting.GenericWebHostService.StartAsync(CancellationToken cancellationToken)
   at Microsoft.Extensions.Hosting.Internal.Host.StartAsync(CancellationToken cancellationToken)
   at Microsoft.Extensions.Hosting.HostingAbstractionsHostExtensions.RunAsync(IHost host, CancellationToken token)
   at Microsoft.Extensions.Hosting.HostingAbstractionsHostExtensions.RunAsync(IHost host, CancellationToken token)
   at Microsoft.Extensions.Hosting.HostingAbstractionsHostExtensions.Run(IHost host)
   at CIB.CorporateAdmin.Program.Main(String[] args) in /Users/kufregodwin/Projects/parallex-backend/CIB.CorporateAdmin/Program.cs:line 23
2023-05-01T11:48:27.0744920+01:00 [INF] () Corporate Application Starting.
2023-05-01T11:48:27.6674660+01:00 [FTL] (Microsoft.AspNetCore.Hosting.Diagnostics) Application startup exception
System.InvalidOperationException: Action 'CIB.CorporateAdmin.Controllers.ComporateSalaryScheduleController.SetAuthorizationWorkFlow (CIB.CorporateAdmin)' has more than one parameter that was specified or inferred as bound from request body. Only one parameter per action may be bound from body. Inspect the following parameters, and use 'FromQueryAttribute' to specify bound from query, 'FromRouteAttribute' to specify bound from route, and 'FromBodyAttribute' for parameters to be bound from body:
List<TblWorkflowHierarchy> workflowHierarchies
TblNipbulkTransferLog tranlg
   at Microsoft.AspNetCore.Mvc.ApplicationModels.InferParameterBindingInfoConvention.InferParameterBindingSources(ActionModel action)
   at Microsoft.AspNetCore.Mvc.ApplicationModels.InferParameterBindingInfoConvention.Apply(ActionModel action)
   at Microsoft.AspNetCore.Mvc.ApplicationModels.ApiBehaviorApplicationModelProvider.OnProvidersExecuting(ApplicationModelProviderContext context)
   at Microsoft.AspNetCore.Mvc.ApplicationModels.ApplicationModelFactory.CreateApplicationModel(IEnumerable`1 controllerTypes)
   at Microsoft.AspNetCore.Mvc.ApplicationModels.ControllerActionDescriptorProvider.GetDescriptors()
   at Microsoft.AspNetCore.Mvc.ApplicationModels.ControllerActionDescriptorProvider.OnProvidersExecuting(ActionDescriptorProviderContext context)
   at Microsoft.AspNetCore.Mvc.Infrastructure.DefaultActionDescriptorCollectionProvider.UpdateCollection()
   at Microsoft.AspNetCore.Mvc.Infrastructure.DefaultActionDescriptorCollectionProvider.Initialize()
   at Microsoft.AspNetCore.Mvc.Infrastructure.DefaultActionDescriptorCollectionProvider.GetChangeToken()
   at Microsoft.AspNetCore.Mvc.Routing.ActionEndpointDataSourceBase.<>c__DisplayClass11_0.<Subscribe>b__0()
   at Microsoft.Extensions.Primitives.ChangeToken.OnChange(Func`1 changeTokenProducer, Action changeTokenConsumer)
   at Microsoft.AspNetCore.Mvc.Routing.ActionEndpointDataSourceBase.Subscribe()
   at Microsoft.AspNetCore.Mvc.Routing.ControllerActionEndpointDataSource..ctor(ControllerActionEndpointDataSourceIdProvider dataSourceIdProvider, IActionDescriptorCollectionProvider actions, ActionEndpointFactory endpointFactory, OrderedEndpointsSequenceProvider orderSequence)
   at Microsoft.AspNetCore.Builder.ControllerEndpointRouteBuilderExtensions.GetOrCreateDataSource(IEndpointRouteBuilder endpoints)
   at Microsoft.AspNetCore.Builder.ControllerEndpointRouteBuilderExtensions.MapControllers(IEndpointRouteBuilder endpoints)
   at CIB.CorporateAdmin.Startup.<>c.<Configure>b__6_1(IEndpointRouteBuilder endpoints) in /Users/kufregodwin/Projects/parallex-backend/CIB.CorporateAdmin/Startup.cs:line 135
   at Microsoft.AspNetCore.Builder.EndpointRoutingApplicationBuilderExtensions.UseEndpoints(IApplicationBuilder builder, Action`1 configure)
   at CIB.CorporateAdmin.Startup.Configure(IApplicationBuilder app, IWebHostEnvironment env) in /Users/kufregodwin/Projects/parallex-backend/CIB.CorporateAdmin/Startup.cs:line 135
   at System.RuntimeMethodHandle.InvokeMethod(Object target, Object[] arguments, Signature sig, Boolean constructor, Boolean wrapExceptions)
   at System.Reflection.RuntimeMethodInfo.Invoke(Object obj, BindingFlags invokeAttr, Binder binder, Object[] parameters, CultureInfo culture)
   at Microsoft.AspNetCore.Hosting.ConfigureBuilder.Invoke(Object instance, IApplicationBuilder builder)
   at Microsoft.AspNetCore.Hosting.ConfigureBuilder.<>c__DisplayClass4_0.<Build>b__0(IApplicationBuilder builder)
   at Microsoft.AspNetCore.Hosting.GenericWebHostBuilder.<>c__DisplayClass15_0.<UseStartup>b__1(IApplicationBuilder app)
   at Microsoft.AspNetCore.Mvc.Filters.MiddlewareFilterBuilderStartupFilter.<>c__DisplayClass0_0.<Configure>g__MiddlewareFilterBuilder|0(IApplicationBuilder builder)
   at Microsoft.AspNetCore.HostFilteringStartupFilter.<>c__DisplayClass0_0.<Configure>b__0(IApplicationBuilder app)
   at Microsoft.AspNetCore.Watch.BrowserRefresh.HostingStartup.<>c__DisplayClass1_0.<Configure>b__0(IApplicationBuilder app)
   at Microsoft.AspNetCore.Hosting.GenericWebHostService.StartAsync(CancellationToken cancellationToken)
2023-05-01T11:48:27.7301210+01:00 [FTL] () The Application failed to start.
System.InvalidOperationException: Action 'CIB.CorporateAdmin.Controllers.ComporateSalaryScheduleController.SetAuthorizationWorkFlow (CIB.CorporateAdmin)' has more than one parameter that was specified or inferred as bound from request body. Only one parameter per action may be bound from body. Inspect the following parameters, and use 'FromQueryAttribute' to specify bound from query, 'FromRouteAttribute' to specify bound from route, and 'FromBodyAttribute' for parameters to be bound from body:
List<TblWorkflowHierarchy> workflowHierarchies
TblNipbulkTransferLog tranlg
   at Microsoft.AspNetCore.Mvc.ApplicationModels.InferParameterBindingInfoConvention.InferParameterBindingSources(ActionModel action)
   at Microsoft.AspNetCore.Mvc.ApplicationModels.InferParameterBindingInfoConvention.Apply(ActionModel action)
   at Microsoft.AspNetCore.Mvc.ApplicationModels.ApiBehaviorApplicationModelProvider.OnProvidersExecuting(ApplicationModelProviderContext context)
   at Microsoft.AspNetCore.Mvc.ApplicationModels.ApplicationModelFactory.CreateApplicationModel(IEnumerable`1 controllerTypes)
   at Microsoft.AspNetCore.Mvc.ApplicationModels.ControllerActionDescriptorProvider.GetDescriptors()
   at Microsoft.AspNetCore.Mvc.ApplicationModels.ControllerActionDescriptorProvider.OnProvidersExecuting(ActionDescriptorProviderContext context)
   at Microsoft.AspNetCore.Mvc.Infrastructure.DefaultActionDescriptorCollectionProvider.UpdateCollection()
   at Microsoft.AspNetCore.Mvc.Infrastructure.DefaultActionDescriptorCollectionProvider.Initialize()
   at Microsoft.AspNetCore.Mvc.Infrastructure.DefaultActionDescriptorCollectionProvider.GetChangeToken()
   at Microsoft.AspNetCore.Mvc.Routing.ActionEndpointDataSourceBase.<>c__DisplayClass11_0.<Subscribe>b__0()
   at Microsoft.Extensions.Primitives.ChangeToken.OnChange(Func`1 changeTokenProducer, Action changeTokenConsumer)
   at Microsoft.AspNetCore.Mvc.Routing.ActionEndpointDataSourceBase.Subscribe()
   at Microsoft.AspNetCore.Mvc.Routing.ControllerActionEndpointDataSource..ctor(ControllerActionEndpointDataSourceIdProvider dataSourceIdProvider, IActionDescriptorCollectionProvider actions, ActionEndpointFactory endpointFactory, OrderedEndpointsSequenceProvider orderSequence)
   at Microsoft.AspNetCore.Builder.ControllerEndpointRouteBuilderExtensions.GetOrCreateDataSource(IEndpointRouteBuilder endpoints)
   at Microsoft.AspNetCore.Builder.ControllerEndpointRouteBuilderExtensions.MapControllers(IEndpointRouteBuilder endpoints)
   at CIB.CorporateAdmin.Startup.<>c.<Configure>b__6_1(IEndpointRouteBuilder endpoints) in /Users/kufregodwin/Projects/parallex-backend/CIB.CorporateAdmin/Startup.cs:line 135
   at Microsoft.AspNetCore.Builder.EndpointRoutingApplicationBuilderExtensions.UseEndpoints(IApplicationBuilder builder, Action`1 configure)
   at CIB.CorporateAdmin.Startup.Configure(IApplicationBuilder app, IWebHostEnvironment env) in /Users/kufregodwin/Projects/parallex-backend/CIB.CorporateAdmin/Startup.cs:line 135
   at System.RuntimeMethodHandle.InvokeMethod(Object target, Object[] arguments, Signature sig, Boolean constructor, Boolean wrapExceptions)
   at System.Reflection.RuntimeMethodInfo.Invoke(Object obj, BindingFlags invokeAttr, Binder binder, Object[] parameters, CultureInfo culture)
   at Microsoft.AspNetCore.Hosting.ConfigureBuilder.Invoke(Object instance, IApplicationBuilder builder)
   at Microsoft.AspNetCore.Hosting.ConfigureBuilder.<>c__DisplayClass4_0.<Build>b__0(IApplicationBuilder builder)
   at Microsoft.AspNetCore.Hosting.GenericWebHostBuilder.<>c__DisplayClass15_0.<UseStartup>b__1(IApplicationBuilder app)
   at Microsoft.AspNetCore.Mvc.Filters.MiddlewareFilterBuilderStartupFilter.<>c__DisplayClass0_0.<Configure>g__MiddlewareFilterBuilder|0(IApplicationBuilder builder)
   at Microsoft.AspNetCore.HostFilteringStartupFilter.<>c__DisplayClass0_0.<Configure>b__0(IApplicationBuilder app)
   at Microsoft.AspNetCore.Watch.BrowserRefresh.HostingStartup.<>c__DisplayClass1_0.<Configure>b__0(IApplicationBuilder app)
   at Microsoft.AspNetCore.Hosting.GenericWebHostService.StartAsync(CancellationToken cancellationToken)
   at Microsoft.Extensions.Hosting.Internal.Host.StartAsync(CancellationToken cancellationToken)
   at Microsoft.Extensions.Hosting.HostingAbstractionsHostExtensions.RunAsync(IHost host, CancellationToken token)
   at Microsoft.Extensions.Hosting.HostingAbstractionsHostExtensions.RunAsync(IHost host, CancellationToken token)
   at Microsoft.Extensions.Hosting.HostingAbstractionsHostExtensions.Run(IHost host)
   at CIB.CorporateAdmin.Program.Main(String[] args) in /Users/kufregodwin/Projects/parallex-backend/CIB.CorporateAdmin/Program.cs:line 23
2023-05-01T11:49:51.6037610+01:00 [INF] () Corporate Application Starting.
2023-05-01T11:49:52.2525840+01:00 [FTL] (Microsoft.AspNetCore.Hosting.Diagnostics) Application startup exception
System.InvalidOperationException: Action 'CIB.CorporateAdmin.Controllers.ComporateSalaryScheduleController.SetAuthorizationWorkFlow (CIB.CorporateAdmin)' has more than one parameter that was specified or inferred as bound from request body. Only one parameter per action may be bound from body. Inspect the following parameters, and use 'FromQueryAttribute' to specify bound from query, 'FromRouteAttribute' to specify bound from route, and 'FromBodyAttribute' for parameters to be bound from body:
List<TblWorkflowHierarchy> workflowHierarchies
TblNipbulkTransferLog tranlg
   at Microsoft.AspNetCore.Mvc.ApplicationModels.InferParameterBindingInfoConvention.InferParameterBindingSources(ActionModel action)
   at Microsoft.AspNetCore.Mvc.ApplicationModels.InferParameterBindingInfoConvention.Apply(ActionModel action)
   at Microsoft.AspNetCore.Mvc.ApplicationModels.ApiBehaviorApplicationModelProvider.OnProvidersExecuting(ApplicationModelProviderContext context)
   at Microsoft.AspNetCore.Mvc.ApplicationModels.ApplicationModelFactory.CreateApplicationModel(IEnumerable`1 controllerTypes)
   at Microsoft.AspNetCore.Mvc.ApplicationModels.ControllerActionDescriptorProvider.GetDescriptors()
   at Microsoft.AspNetCore.Mvc.ApplicationModels.ControllerActionDescriptorProvider.OnProvidersExecuting(ActionDescriptorProviderContext context)
   at Microsoft.AspNetCore.Mvc.Infrastructure.DefaultActionDescriptorCollectionProvider.UpdateCollection()
   at Microsoft.AspNetCore.Mvc.Infrastructure.DefaultActionDescriptorCollectionProvider.Initialize()
   at Microsoft.AspNetCore.Mvc.Infrastructure.DefaultActionDescriptorCollectionProvider.GetChangeToken()
   at Microsoft.AspNetCore.Mvc.Routing.ActionEndpointDataSourceBase.<>c__DisplayClass11_0.<Subscribe>b__0()
   at Microsoft.Extensions.Primitives.ChangeToken.OnChange(Func`1 changeTokenProducer, Action changeTokenConsumer)
   at Microsoft.AspNetCore.Mvc.Routing.ActionEndpointDataSourceBase.Subscribe()
   at Microsoft.AspNetCore.Mvc.Routing.ControllerActionEndpointDataSource..ctor(ControllerActionEndpointDataSourceIdProvider dataSourceIdProvider, IActionDescriptorCollectionProvider actions, ActionEndpointFactory endpointFactory, OrderedEndpointsSequenceProvider orderSequence)
   at Microsoft.AspNetCore.Builder.ControllerEndpointRouteBuilderExtensions.GetOrCreateDataSource(IEndpointRouteBuilder endpoints)
   at Microsoft.AspNetCore.Builder.ControllerEndpointRouteBuilderExtensions.MapControllers(IEndpointRouteBuilder endpoints)
   at CIB.CorporateAdmin.Startup.<>c.<Configure>b__6_1(IEndpointRouteBuilder endpoints) in /Users/kufregodwin/Projects/parallex-backend/CIB.CorporateAdmin/Startup.cs:line 135
   at Microsoft.AspNetCore.Builder.EndpointRoutingApplicationBuilderExtensions.UseEndpoints(IApplicationBuilder builder, Action`1 configure)
   at CIB.CorporateAdmin.Startup.Configure(IApplicationBuilder app, IWebHostEnvironment env) in /Users/kufregodwin/Projects/parallex-backend/CIB.CorporateAdmin/Startup.cs:line 135
   at System.RuntimeMethodHandle.InvokeMethod(Object target, Object[] arguments, Signature sig, Boolean constructor, Boolean wrapExceptions)
   at System.Reflection.RuntimeMethodInfo.Invoke(Object obj, BindingFlags invokeAttr, Binder binder, Object[] parameters, CultureInfo culture)
   at Microsoft.AspNetCore.Hosting.ConfigureBuilder.Invoke(Object instance, IApplicationBuilder builder)
   at Microsoft.AspNetCore.Hosting.ConfigureBuilder.<>c__DisplayClass4_0.<Build>b__0(IApplicationBuilder builder)
   at Microsoft.AspNetCore.Hosting.GenericWebHostBuilder.<>c__DisplayClass15_0.<UseStartup>b__1(IApplicationBuilder app)
   at Microsoft.AspNetCore.Mvc.Filters.MiddlewareFilterBuilderStartupFilter.<>c__DisplayClass0_0.<Configure>g__MiddlewareFilterBuilder|0(IApplicationBuilder builder)
   at Microsoft.AspNetCore.HostFilteringStartupFilter.<>c__DisplayClass0_0.<Configure>b__0(IApplicationBuilder app)
   at Microsoft.AspNetCore.Watch.BrowserRefresh.HostingStartup.<>c__DisplayClass1_0.<Configure>b__0(IApplicationBuilder app)
   at Microsoft.AspNetCore.Hosting.GenericWebHostService.StartAsync(CancellationToken cancellationToken)
2023-05-01T11:49:52.3020980+01:00 [FTL] () The Application failed to start.
System.InvalidOperationException: Action 'CIB.CorporateAdmin.Controllers.ComporateSalaryScheduleController.SetAuthorizationWorkFlow (CIB.CorporateAdmin)' has more than one parameter that was specified or inferred as bound from request body. Only one parameter per action may be bound from body. Inspect the following parameters, and use 'FromQueryAttribute' to specify bound from query, 'FromRouteAttribute' to specify bound from route, and 'FromBodyAttribute' for parameters to be bound from body:
List<TblWorkflowHierarchy> workflowHierarchies
TblNipbulkTransferLog tranlg
   at Microsoft.AspNetCore.Mvc.ApplicationModels.InferParameterBindingInfoConvention.InferParameterBindingSources(ActionModel action)
   at Microsoft.AspNetCore.Mvc.ApplicationModels.InferParameterBindingInfoConvention.Apply(ActionModel action)
   at Microsoft.AspNetCore.Mvc.ApplicationModels.ApiBehaviorApplicationModelProvider.OnProvidersExecuting(ApplicationModelProviderContext context)
   at Microsoft.AspNetCore.Mvc.ApplicationModels.ApplicationModelFactory.CreateApplicationModel(IEnumerable`1 controllerTypes)
   at Microsoft.AspNetCore.Mvc.ApplicationModels.ControllerActionDescriptorProvider.GetDescriptors()
   at Microsoft.AspNetCore.Mvc.ApplicationModels.ControllerActionDescriptorProvider.OnProvidersExecuting(ActionDescriptorProviderContext context)
   at Microsoft.AspNetCore.Mvc.Infrastructure.DefaultActionDescriptorCollectionProvider.UpdateCollection()
   at Microsoft.AspNetCore.Mvc.Infrastructure.DefaultActionDescriptorCollectionProvider.Initialize()
   at Microsoft.AspNetCore.Mvc.Infrastructure.DefaultActionDescriptorCollectionProvider.GetChangeToken()
   at Microsoft.AspNetCore.Mvc.Routing.ActionEndpointDataSourceBase.<>c__DisplayClass11_0.<Subscribe>b__0()
   at Microsoft.Extensions.Primitives.ChangeToken.OnChange(Func`1 changeTokenProducer, Action changeTokenConsumer)
   at Microsoft.AspNetCore.Mvc.Routing.ActionEndpointDataSourceBase.Subscribe()
   at Microsoft.AspNetCore.Mvc.Routing.ControllerActionEndpointDataSource..ctor(ControllerActionEndpointDataSourceIdProvider dataSourceIdProvider, IActionDescriptorCollectionProvider actions, ActionEndpointFactory endpointFactory, OrderedEndpointsSequenceProvider orderSequence)
   at Microsoft.AspNetCore.Builder.ControllerEndpointRouteBuilderExtensions.GetOrCreateDataSource(IEndpointRouteBuilder endpoints)
   at Microsoft.AspNetCore.Builder.ControllerEndpointRouteBuilderExtensions.MapControllers(IEndpointRouteBuilder endpoints)
   at CIB.CorporateAdmin.Startup.<>c.<Configure>b__6_1(IEndpointRouteBuilder endpoints) in /Users/kufregodwin/Projects/parallex-backend/CIB.CorporateAdmin/Startup.cs:line 135
   at Microsoft.AspNetCore.Builder.EndpointRoutingApplicationBuilderExtensions.UseEndpoints(IApplicationBuilder builder, Action`1 configure)
   at CIB.CorporateAdmin.Startup.Configure(IApplicationBuilder app, IWebHostEnvironment env) in /Users/kufregodwin/Projects/parallex-backend/CIB.CorporateAdmin/Startup.cs:line 135
   at System.RuntimeMethodHandle.InvokeMethod(Object target, Object[] arguments, Signature sig, Boolean constructor, Boolean wrapExceptions)
   at System.Reflection.RuntimeMethodInfo.Invoke(Object obj, BindingFlags invokeAttr, Binder binder, Object[] parameters, CultureInfo culture)
   at Microsoft.AspNetCore.Hosting.ConfigureBuilder.Invoke(Object instance, IApplicationBuilder builder)
   at Microsoft.AspNetCore.Hosting.ConfigureBuilder.<>c__DisplayClass4_0.<Build>b__0(IApplicationBuilder builder)
   at Microsoft.AspNetCore.Hosting.GenericWebHostBuilder.<>c__DisplayClass15_0.<UseStartup>b__1(IApplicationBuilder app)
   at Microsoft.AspNetCore.Mvc.Filters.MiddlewareFilterBuilderStartupFilter.<>c__DisplayClass0_0.<Configure>g__MiddlewareFilterBuilder|0(IApplicationBuilder builder)
   at Microsoft.AspNetCore.HostFilteringStartupFilter.<>c__DisplayClass0_0.<Configure>b__0(IApplicationBuilder app)
   at Microsoft.AspNetCore.Watch.BrowserRefresh.HostingStartup.<>c__DisplayClass1_0.<Configure>b__0(IApplicationBuilder app)
   at Microsoft.AspNetCore.Hosting.GenericWebHostService.StartAsync(CancellationToken cancellationToken)
   at Microsoft.Extensions.Hosting.Internal.Host.StartAsync(CancellationToken cancellationToken)
   at Microsoft.Extensions.Hosting.HostingAbstractionsHostExtensions.RunAsync(IHost host, CancellationToken token)
   at Microsoft.Extensions.Hosting.HostingAbstractionsHostExtensions.RunAsync(IHost host, CancellationToken token)
   at Microsoft.Extensions.Hosting.HostingAbstractionsHostExtensions.Run(IHost host)
   at CIB.CorporateAdmin.Program.Main(String[] args) in /Users/kufregodwin/Projects/parallex-backend/CIB.CorporateAdmin/Program.cs:line 23
2023-05-01T11:50:01.7068500+01:00 [INF] () Corporate Application Starting.
2023-05-01T11:50:46.9214330+01:00 [INF] () Corporate Application Starting.
2023-05-01T11:50:47.9184080+01:00 [FTL] (Microsoft.AspNetCore.Hosting.Diagnostics) Application startup exception
System.InvalidOperationException: Action 'CIB.CorporateAdmin.Controllers.ComporateSalaryScheduleController.SetAuthorizationWorkFlow (CIB.CorporateAdmin)' has more than one parameter that was specified or inferred as bound from request body. Only one parameter per action may be bound from body. Inspect the following parameters, and use 'FromQueryAttribute' to specify bound from query, 'FromRouteAttribute' to specify bound from route, and 'FromBodyAttribute' for parameters to be bound from body:
List<TblWorkflowHierarchy> workflowHierarchies
TblNipbulkTransferLog tranlg
   at Microsoft.AspNetCore.Mvc.ApplicationModels.InferParameterBindingInfoConvention.InferParameterBindingSources(ActionModel action)
   at Microsoft.AspNetCore.Mvc.ApplicationModels.InferParameterBindingInfoConvention.Apply(ActionModel action)
   at Microsoft.AspNetCore.Mvc.ApplicationModels.ApiBehaviorApplicationModelProvider.OnProvidersExecuting(ApplicationModelProviderContext context)
   at Microsoft.AspNetCore.Mvc.ApplicationModels.ApplicationModelFactory.CreateApplicationModel(IEnumerable`1 controllerTypes)
   at Microsoft.AspNetCore.Mvc.ApplicationModels.ControllerActionDescriptorProvider.GetDescriptors()
   at Microsoft.AspNetCore.Mvc.ApplicationModels.ControllerActionDescriptorProvider.OnProvidersExecuting(ActionDescriptorProviderContext context)
   at Microsoft.AspNetCore.Mvc.Infrastructure.DefaultActionDescriptorCollectionProvider.UpdateCollection()
   at Microsoft.AspNetCore.Mvc.Infrastructure.DefaultActionDescriptorCollectionProvider.Initialize()
   at Microsoft.AspNetCore.Mvc.Infrastructure.DefaultActionDescriptorCollectionProvider.GetChangeToken()
   at Microsoft.AspNetCore.Mvc.Routing.ActionEndpointDataSourceBase.<>c__DisplayClass11_0.<Subscribe>b__0()
   at Microsoft.Extensions.Primitives.ChangeToken.OnChange(Func`1 changeTokenProducer, Action changeTokenConsumer)
   at Microsoft.AspNetCore.Mvc.Routing.ActionEndpointDataSourceBase.Subscribe()
   at Microsoft.AspNetCore.Mvc.Routing.ControllerActionEndpointDataSource..ctor(ControllerActionEndpointDataSourceIdProvider dataSourceIdProvider, IActionDescriptorCollectionProvider actions, ActionEndpointFactory endpointFactory, OrderedEndpointsSequenceProvider orderSequence)
   at Microsoft.AspNetCore.Builder.ControllerEndpointRouteBuilderExtensions.GetOrCreateDataSource(IEndpointRouteBuilder endpoints)
   at Microsoft.AspNetCore.Builder.ControllerEndpointRouteBuilderExtensions.MapControllers(IEndpointRouteBuilder endpoints)
   at CIB.CorporateAdmin.Startup.<>c.<Configure>b__6_1(IEndpointRouteBuilder endpoints) in /Users/kufregodwin/Projects/parallex-backend/CIB.CorporateAdmin/Startup.cs:line 135
   at Microsoft.AspNetCore.Builder.EndpointRoutingApplicationBuilderExtensions.UseEndpoints(IApplicationBuilder builder, Action`1 configure)
   at CIB.CorporateAdmin.Startup.Configure(IApplicationBuilder app, IWebHostEnvironment env) in /Users/kufregodwin/Projects/parallex-backend/CIB.CorporateAdmin/Startup.cs:line 135
   at System.RuntimeMethodHandle.InvokeMethod(Object target, Object[] arguments, Signature sig, Boolean constructor, Boolean wrapExceptions)
   at System.Reflection.RuntimeMethodInfo.Invoke(Object obj, BindingFlags invokeAttr, Binder binder, Object[] parameters, CultureInfo culture)
   at Microsoft.AspNetCore.Hosting.ConfigureBuilder.Invoke(Object instance, IApplicationBuilder builder)
   at Microsoft.AspNetCore.Hosting.ConfigureBuilder.<>c__DisplayClass4_0.<Build>b__0(IApplicationBuilder builder)
   at Microsoft.AspNetCore.Hosting.GenericWebHostBuilder.<>c__DisplayClass15_0.<UseStartup>b__1(IApplicationBuilder app)
   at Microsoft.AspNetCore.Mvc.Filters.MiddlewareFilterBuilderStartupFilter.<>c__DisplayClass0_0.<Configure>g__MiddlewareFilterBuilder|0(IApplicationBuilder builder)
   at Microsoft.AspNetCore.HostFilteringStartupFilter.<>c__DisplayClass0_0.<Configure>b__0(IApplicationBuilder app)
   at Microsoft.AspNetCore.Watch.BrowserRefresh.HostingStartup.<>c__DisplayClass1_0.<Configure>b__0(IApplicationBuilder app)
   at Microsoft.AspNetCore.Hosting.GenericWebHostService.StartAsync(CancellationToken cancellationToken)
2023-05-01T11:50:48.0405090+01:00 [FTL] () The Application failed to start.
System.InvalidOperationException: Action 'CIB.CorporateAdmin.Controllers.ComporateSalaryScheduleController.SetAuthorizationWorkFlow (CIB.CorporateAdmin)' has more than one parameter that was specified or inferred as bound from request body. Only one parameter per action may be bound from body. Inspect the following parameters, and use 'FromQueryAttribute' to specify bound from query, 'FromRouteAttribute' to specify bound from route, and 'FromBodyAttribute' for parameters to be bound from body:
List<TblWorkflowHierarchy> workflowHierarchies
TblNipbulkTransferLog tranlg
   at Microsoft.AspNetCore.Mvc.ApplicationModels.InferParameterBindingInfoConvention.InferParameterBindingSources(ActionModel action)
   at Microsoft.AspNetCore.Mvc.ApplicationModels.InferParameterBindingInfoConvention.Apply(ActionModel action)
   at Microsoft.AspNetCore.Mvc.ApplicationModels.ApiBehaviorApplicationModelProvider.OnProvidersExecuting(ApplicationModelProviderContext context)
   at Microsoft.AspNetCore.Mvc.ApplicationModels.ApplicationModelFactory.CreateApplicationModel(IEnumerable`1 controllerTypes)
   at Microsoft.AspNetCore.Mvc.ApplicationModels.ControllerActionDescriptorProvider.GetDescriptors()
   at Microsoft.AspNetCore.Mvc.ApplicationModels.ControllerActionDescriptorProvider.OnProvidersExecuting(ActionDescriptorProviderContext context)
   at Microsoft.AspNetCore.Mvc.Infrastructure.DefaultActionDescriptorCollectionProvider.UpdateCollection()
   at Microsoft.AspNetCore.Mvc.Infrastructure.DefaultActionDescriptorCollectionProvider.Initialize()
   at Microsoft.AspNetCore.Mvc.Infrastructure.DefaultActionDescriptorCollectionProvider.GetChangeToken()
   at Microsoft.AspNetCore.Mvc.Routing.ActionEndpointDataSourceBase.<>c__DisplayClass11_0.<Subscribe>b__0()
   at Microsoft.Extensions.Primitives.ChangeToken.OnChange(Func`1 changeTokenProducer, Action changeTokenConsumer)
   at Microsoft.AspNetCore.Mvc.Routing.ActionEndpointDataSourceBase.Subscribe()
   at Microsoft.AspNetCore.Mvc.Routing.ControllerActionEndpointDataSource..ctor(ControllerActionEndpointDataSourceIdProvider dataSourceIdProvider, IActionDescriptorCollectionProvider actions, ActionEndpointFactory endpointFactory, OrderedEndpointsSequenceProvider orderSequence)
   at Microsoft.AspNetCore.Builder.ControllerEndpointRouteBuilderExtensions.GetOrCreateDataSource(IEndpointRouteBuilder endpoints)
   at Microsoft.AspNetCore.Builder.ControllerEndpointRouteBuilderExtensions.MapControllers(IEndpointRouteBuilder endpoints)
   at CIB.CorporateAdmin.Startup.<>c.<Configure>b__6_1(IEndpointRouteBuilder endpoints) in /Users/kufregodwin/Projects/parallex-backend/CIB.CorporateAdmin/Startup.cs:line 135
   at Microsoft.AspNetCore.Builder.EndpointRoutingApplicationBuilderExtensions.UseEndpoints(IApplicationBuilder builder, Action`1 configure)
   at CIB.CorporateAdmin.Startup.Configure(IApplicationBuilder app, IWebHostEnvironment env) in /Users/kufregodwin/Projects/parallex-backend/CIB.CorporateAdmin/Startup.cs:line 135
   at System.RuntimeMethodHandle.InvokeMethod(Object target, Object[] arguments, Signature sig, Boolean constructor, Boolean wrapExceptions)
   at System.Reflection.RuntimeMethodInfo.Invoke(Object obj, BindingFlags invokeAttr, Binder binder, Object[] parameters, CultureInfo culture)
   at Microsoft.AspNetCore.Hosting.ConfigureBuilder.Invoke(Object instance, IApplicationBuilder builder)
   at Microsoft.AspNetCore.Hosting.ConfigureBuilder.<>c__DisplayClass4_0.<Build>b__0(IApplicationBuilder builder)
   at Microsoft.AspNetCore.Hosting.GenericWebHostBuilder.<>c__DisplayClass15_0.<UseStartup>b__1(IApplicationBuilder app)
   at Microsoft.AspNetCore.Mvc.Filters.MiddlewareFilterBuilderStartupFilter.<>c__DisplayClass0_0.<Configure>g__MiddlewareFilterBuilder|0(IApplicationBuilder builder)
   at Microsoft.AspNetCore.HostFilteringStartupFilter.<>c__DisplayClass0_0.<Configure>b__0(IApplicationBuilder app)
   at Microsoft.AspNetCore.Watch.BrowserRefresh.HostingStartup.<>c__DisplayClass1_0.<Configure>b__0(IApplicationBuilder app)
   at Microsoft.AspNetCore.Hosting.GenericWebHostService.StartAsync(CancellationToken cancellationToken)
   at Microsoft.Extensions.Hosting.Internal.Host.StartAsync(CancellationToken cancellationToken)
   at Microsoft.Extensions.Hosting.HostingAbstractionsHostExtensions.RunAsync(IHost host, CancellationToken token)
   at Microsoft.Extensions.Hosting.HostingAbstractionsHostExtensions.RunAsync(IHost host, CancellationToken token)
   at Microsoft.Extensions.Hosting.HostingAbstractionsHostExtensions.Run(IHost host)
   at CIB.CorporateAdmin.Program.Main(String[] args) in /Users/kufregodwin/Projects/parallex-backend/CIB.CorporateAdmin/Program.cs:line 23
2023-05-01T11:56:53.4352730+01:00 [INF] () Corporate Application Starting.
2023-05-01T11:56:54.3497550+01:00 [FTL] (Microsoft.AspNetCore.Hosting.Diagnostics) Application startup exception
System.InvalidOperationException: Action 'CIB.CorporateAdmin.Controllers.ComporateSalaryScheduleController.SetAuthorizationWorkFlow (CIB.CorporateAdmin)' has more than one parameter that was specified or inferred as bound from request body. Only one parameter per action may be bound from body. Inspect the following parameters, and use 'FromQueryAttribute' to specify bound from query, 'FromRouteAttribute' to specify bound from route, and 'FromBodyAttribute' for parameters to be bound from body:
List<TblWorkflowHierarchy> workflowHierarchies
TblNipbulkTransferLog tranlg
   at Microsoft.AspNetCore.Mvc.ApplicationModels.InferParameterBindingInfoConvention.InferParameterBindingSources(ActionModel action)
   at Microsoft.AspNetCore.Mvc.ApplicationModels.InferParameterBindingInfoConvention.Apply(ActionModel action)
   at Microsoft.AspNetCore.Mvc.ApplicationModels.ApiBehaviorApplicationModelProvider.OnProvidersExecuting(ApplicationModelProviderContext context)
   at Microsoft.AspNetCore.Mvc.ApplicationModels.ApplicationModelFactory.CreateApplicationModel(IEnumerable`1 controllerTypes)
   at Microsoft.AspNetCore.Mvc.ApplicationModels.ControllerActionDescriptorProvider.GetDescriptors()
   at Microsoft.AspNetCore.Mvc.ApplicationModels.ControllerActionDescriptorProvider.OnProvidersExecuting(ActionDescriptorProviderContext context)
   at Microsoft.AspNetCore.Mvc.Infrastructure.DefaultActionDescriptorCollectionProvider.UpdateCollection()
   at Microsoft.AspNetCore.Mvc.Infrastructure.DefaultActionDescriptorCollectionProvider.Initialize()
   at Microsoft.AspNetCore.Mvc.Infrastructure.DefaultActionDescriptorCollectionProvider.GetChangeToken()
   at Microsoft.AspNetCore.Mvc.Routing.ActionEndpointDataSourceBase.<>c__DisplayClass11_0.<Subscribe>b__0()
   at Microsoft.Extensions.Primitives.ChangeToken.OnChange(Func`1 changeTokenProducer, Action changeTokenConsumer)
   at Microsoft.AspNetCore.Mvc.Routing.ActionEndpointDataSourceBase.Subscribe()
   at Microsoft.AspNetCore.Mvc.Routing.ControllerActionEndpointDataSource..ctor(ControllerActionEndpointDataSourceIdProvider dataSourceIdProvider, IActionDescriptorCollectionProvider actions, ActionEndpointFactory endpointFactory, OrderedEndpointsSequenceProvider orderSequence)
   at Microsoft.AspNetCore.Builder.ControllerEndpointRouteBuilderExtensions.GetOrCreateDataSource(IEndpointRouteBuilder endpoints)
   at Microsoft.AspNetCore.Builder.ControllerEndpointRouteBuilderExtensions.MapControllers(IEndpointRouteBuilder endpoints)
   at CIB.CorporateAdmin.Startup.<>c.<Configure>b__6_1(IEndpointRouteBuilder endpoints) in /Users/kufregodwin/Projects/parallex-backend/CIB.CorporateAdmin/Startup.cs:line 135
   at Microsoft.AspNetCore.Builder.EndpointRoutingApplicationBuilderExtensions.UseEndpoints(IApplicationBuilder builder, Action`1 configure)
   at CIB.CorporateAdmin.Startup.Configure(IApplicationBuilder app, IWebHostEnvironment env) in /Users/kufregodwin/Projects/parallex-backend/CIB.CorporateAdmin/Startup.cs:line 135
   at System.RuntimeMethodHandle.InvokeMethod(Object target, Object[] arguments, Signature sig, Boolean constructor, Boolean wrapExceptions)
   at System.Reflection.RuntimeMethodInfo.Invoke(Object obj, BindingFlags invokeAttr, Binder binder, Object[] parameters, CultureInfo culture)
   at Microsoft.AspNetCore.Hosting.ConfigureBuilder.Invoke(Object instance, IApplicationBuilder builder)
   at Microsoft.AspNetCore.Hosting.ConfigureBuilder.<>c__DisplayClass4_0.<Build>b__0(IApplicationBuilder builder)
   at Microsoft.AspNetCore.Hosting.GenericWebHostBuilder.<>c__DisplayClass15_0.<UseStartup>b__1(IApplicationBuilder app)
   at Microsoft.AspNetCore.Mvc.Filters.MiddlewareFilterBuilderStartupFilter.<>c__DisplayClass0_0.<Configure>g__MiddlewareFilterBuilder|0(IApplicationBuilder builder)
   at Microsoft.AspNetCore.HostFilteringStartupFilter.<>c__DisplayClass0_0.<Configure>b__0(IApplicationBuilder app)
   at Microsoft.AspNetCore.Watch.BrowserRefresh.HostingStartup.<>c__DisplayClass1_0.<Configure>b__0(IApplicationBuilder app)
   at Microsoft.AspNetCore.Hosting.GenericWebHostService.StartAsync(CancellationToken cancellationToken)
2023-05-01T11:56:54.4059990+01:00 [FTL] () The Application failed to start.
System.InvalidOperationException: Action 'CIB.CorporateAdmin.Controllers.ComporateSalaryScheduleController.SetAuthorizationWorkFlow (CIB.CorporateAdmin)' has more than one parameter that was specified or inferred as bound from request body. Only one parameter per action may be bound from body. Inspect the following parameters, and use 'FromQueryAttribute' to specify bound from query, 'FromRouteAttribute' to specify bound from route, and 'FromBodyAttribute' for parameters to be bound from body:
List<TblWorkflowHierarchy> workflowHierarchies
TblNipbulkTransferLog tranlg
   at Microsoft.AspNetCore.Mvc.ApplicationModels.InferParameterBindingInfoConvention.InferParameterBindingSources(ActionModel action)
   at Microsoft.AspNetCore.Mvc.ApplicationModels.InferParameterBindingInfoConvention.Apply(ActionModel action)
   at Microsoft.AspNetCore.Mvc.ApplicationModels.ApiBehaviorApplicationModelProvider.OnProvidersExecuting(ApplicationModelProviderContext context)
   at Microsoft.AspNetCore.Mvc.ApplicationModels.ApplicationModelFactory.CreateApplicationModel(IEnumerable`1 controllerTypes)
   at Microsoft.AspNetCore.Mvc.ApplicationModels.ControllerActionDescriptorProvider.GetDescriptors()
   at Microsoft.AspNetCore.Mvc.ApplicationModels.ControllerActionDescriptorProvider.OnProvidersExecuting(ActionDescriptorProviderContext context)
   at Microsoft.AspNetCore.Mvc.Infrastructure.DefaultActionDescriptorCollectionProvider.UpdateCollection()
   at Microsoft.AspNetCore.Mvc.Infrastructure.DefaultActionDescriptorCollectionProvider.Initialize()
   at Microsoft.AspNetCore.Mvc.Infrastructure.DefaultActionDescriptorCollectionProvider.GetChangeToken()
   at Microsoft.AspNetCore.Mvc.Routing.ActionEndpointDataSourceBase.<>c__DisplayClass11_0.<Subscribe>b__0()
   at Microsoft.Extensions.Primitives.ChangeToken.OnChange(Func`1 changeTokenProducer, Action changeTokenConsumer)
   at Microsoft.AspNetCore.Mvc.Routing.ActionEndpointDataSourceBase.Subscribe()
   at Microsoft.AspNetCore.Mvc.Routing.ControllerActionEndpointDataSource..ctor(ControllerActionEndpointDataSourceIdProvider dataSourceIdProvider, IActionDescriptorCollectionProvider actions, ActionEndpointFactory endpointFactory, OrderedEndpointsSequenceProvider orderSequence)
   at Microsoft.AspNetCore.Builder.ControllerEndpointRouteBuilderExtensions.GetOrCreateDataSource(IEndpointRouteBuilder endpoints)
   at Microsoft.AspNetCore.Builder.ControllerEndpointRouteBuilderExtensions.MapControllers(IEndpointRouteBuilder endpoints)
   at CIB.CorporateAdmin.Startup.<>c.<Configure>b__6_1(IEndpointRouteBuilder endpoints) in /Users/kufregodwin/Projects/parallex-backend/CIB.CorporateAdmin/Startup.cs:line 135
   at Microsoft.AspNetCore.Builder.EndpointRoutingApplicationBuilderExtensions.UseEndpoints(IApplicationBuilder builder, Action`1 configure)
   at CIB.CorporateAdmin.Startup.Configure(IApplicationBuilder app, IWebHostEnvironment env) in /Users/kufregodwin/Projects/parallex-backend/CIB.CorporateAdmin/Startup.cs:line 135
   at System.RuntimeMethodHandle.InvokeMethod(Object target, Object[] arguments, Signature sig, Boolean constructor, Boolean wrapExceptions)
   at System.Reflection.RuntimeMethodInfo.Invoke(Object obj, BindingFlags invokeAttr, Binder binder, Object[] parameters, CultureInfo culture)
   at Microsoft.AspNetCore.Hosting.ConfigureBuilder.Invoke(Object instance, IApplicationBuilder builder)
   at Microsoft.AspNetCore.Hosting.ConfigureBuilder.<>c__DisplayClass4_0.<Build>b__0(IApplicationBuilder builder)
   at Microsoft.AspNetCore.Hosting.GenericWebHostBuilder.<>c__DisplayClass15_0.<UseStartup>b__1(IApplicationBuilder app)
   at Microsoft.AspNetCore.Mvc.Filters.MiddlewareFilterBuilderStartupFilter.<>c__DisplayClass0_0.<Configure>g__MiddlewareFilterBuilder|0(IApplicationBuilder builder)
   at Microsoft.AspNetCore.HostFilteringStartupFilter.<>c__DisplayClass0_0.<Configure>b__0(IApplicationBuilder app)
   at Microsoft.AspNetCore.Watch.BrowserRefresh.HostingStartup.<>c__DisplayClass1_0.<Configure>b__0(IApplicationBuilder app)
   at Microsoft.AspNetCore.Hosting.GenericWebHostService.StartAsync(CancellationToken cancellationToken)
   at Microsoft.Extensions.Hosting.Internal.Host.StartAsync(CancellationToken cancellationToken)
   at Microsoft.Extensions.Hosting.HostingAbstractionsHostExtensions.RunAsync(IHost host, CancellationToken token)
   at Microsoft.Extensions.Hosting.HostingAbstractionsHostExtensions.RunAsync(IHost host, CancellationToken token)
   at Microsoft.Extensions.Hosting.HostingAbstractionsHostExtensions.Run(IHost host)
   at CIB.CorporateAdmin.Program.Main(String[] args) in /Users/kufregodwin/Projects/parallex-backend/CIB.CorporateAdmin/Program.cs:line 23
2023-05-01T11:57:47.3435800+01:00 [INF] () Corporate Application Starting.
2023-05-01T12:00:45.7953620+01:00 [INF] () Corporate Application Starting.
2023-05-01T12:04:45.8564440+01:00 [INF] () Corporate Application Starting.
2023-05-01T12:07:00.0055420+01:00 [INF] () Corporate Application Starting.
2023-05-01T12:30:36.4101710+01:00 [INF] () Corporate Application Starting.
2023-05-01T12:30:37.9252110+01:00 [INF] (Microsoft.Hosting.Lifetime) Now listening on: "https://localhost:17359"
2023-05-01T12:30:37.9292500+01:00 [INF] (Microsoft.Hosting.Lifetime) Now listening on: "http://localhost:41309"
2023-05-01T12:30:37.9327480+01:00 [INF] (Microsoft.Hosting.Lifetime) Application started. Press Ctrl+C to shut down.
2023-05-01T12:30:37.9328780+01:00 [INF] (Microsoft.Hosting.Lifetime) Hosting environment: "Development"
2023-05-01T12:30:37.9329620+01:00 [INF] (Microsoft.Hosting.Lifetime) Content root path: "/Users/kufregodwin/Projects/parallex-backend/CIB.CorporateAdmin"
2023-05-01T12:31:00.7004370+01:00 [INF] () Corporate Application Starting.
2023-05-01T12:31:02.2233850+01:00 [INF] (Microsoft.Hosting.Lifetime) Now listening on: "https://localhost:17359"
2023-05-01T12:31:02.2268760+01:00 [INF] (Microsoft.Hosting.Lifetime) Now listening on: "http://localhost:41309"
2023-05-01T12:31:02.2271510+01:00 [INF] (Microsoft.Hosting.Lifetime) Application started. Press Ctrl+C to shut down.
2023-05-01T12:31:02.2272090+01:00 [INF] (Microsoft.Hosting.Lifetime) Hosting environment: "Development"
2023-05-01T12:31:02.2272860+01:00 [INF] (Microsoft.Hosting.Lifetime) Content root path: "/Users/kufregodwin/Projects/parallex-backend/CIB.CorporateAdmin"
2023-05-01T12:33:29.4052470+01:00 [INF] () Corporate Application Starting.
2023-05-01T12:33:30.8534920+01:00 [INF] (Microsoft.Hosting.Lifetime) Now listening on: "https://localhost:17359"
2023-05-01T12:33:30.8794290+01:00 [INF] (Microsoft.Hosting.Lifetime) Now listening on: "http://localhost:41309"
2023-05-01T12:33:30.8798030+01:00 [INF] (Microsoft.Hosting.Lifetime) Application started. Press Ctrl+C to shut down.
2023-05-01T12:33:30.8798610+01:00 [INF] (Microsoft.Hosting.Lifetime) Hosting environment: "Development"
2023-05-01T12:33:30.8799030+01:00 [INF] (Microsoft.Hosting.Lifetime) Content root path: "/Users/kufregodwin/Projects/parallex-backend/CIB.CorporateAdmin"
2023-05-01T12:41:32.7438110+01:00 [ERR] (Microsoft.EntityFrameworkCore.Database.Connection) An error occurred using the connection to database '"ParallexCIB"' on server '"10.120.0.57,1433"'.
2023-05-01T12:41:32.7934770+01:00 [ERR] (Microsoft.EntityFrameworkCore.Query) An exception occurred while iterating over the results of a query for context type '"CIB.Core.Entities.ParallexCIBContext"'."
""Microsoft.Data.SqlClient.SqlException (0x80131904): A network-related or instance-specific error occurred while establishing a connection to SQL Server. The server was not found or was not accessible. Verify that the instance name is correct and that SQL Server is configured to allow remote connections. (provider: TCP Provider, error: 35 - An internal exception was caught)
 ---> System.ObjectDisposedException: Cannot access a disposed object.
Object name: 'System.Net.Sockets.Socket'.
   at System.Net.Sockets.Socket.ThrowObjectDisposedException()
   at System.Net.Sockets.Socket.SetSocketOption(SocketOptionLevel optionLevel, SocketOptionName optionName, Int32 optionValue)
   at System.Net.Sockets.Socket.set_NoDelay(Boolean value)
   at Microsoft.Data.SqlClient.SNI.SNITCPHandle..ctor(String serverName, Int32 port, Int64 timerExpire, Object callbackObject, Boolean parallel, String cachedFQDN, SQLDNSInfo& pendingDNSInfo)
   at Microsoft.Data.SqlClient.SqlInternalConnection.OnError(SqlException exception, Boolean breakConnection, Action`1 wrapCloseInAction)
   at Microsoft.Data.SqlClient.TdsParser.ThrowExceptionAndWarning(TdsParserStateObject stateObj, Boolean callerHasConnectionLock, Boolean asyncClose)
   at Microsoft.Data.SqlClient.TdsParser.Connect(ServerInfo serverInfo, SqlInternalConnectionTds connHandler, Boolean ignoreSniOpenTimeout, Int64 timerExpire, Boolean encrypt, Boolean trustServerCert, Boolean integratedSecurity, Boolean withFailover, SqlAuthenticationMethod authType)
   at Microsoft.Data.SqlClient.SqlInternalConnectionTds.AttemptOneLogin(ServerInfo serverInfo, String newPassword, SecureString newSecurePassword, Boolean ignoreSniOpenTimeout, TimeoutTimer timeout, Boolean withFailover)
   at Microsoft.Data.SqlClient.SqlInternalConnectionTds.LoginNoFailover(ServerInfo serverInfo, String newPassword, SecureString newSecurePassword, Boolean redirectedUserInstance, SqlConnectionString connectionOptions, SqlCredential credential, TimeoutTimer timeout)
   at Microsoft.Data.SqlClient.SqlInternalConnectionTds.OpenLoginEnlist(TimeoutTimer timeout, SqlConnectionString connectionOptions, SqlCredential credential, String newPassword, SecureString newSecurePassword, Boolean redirectedUserInstance)
   at Microsoft.Data.SqlClient.SqlInternalConnectionTds..ctor(DbConnectionPoolIdentity identity, SqlConnectionString connectionOptions, SqlCredential credential, Object providerInfo, String newPassword, SecureString newSecurePassword, Boolean redirectedUserInstance, SqlConnectionString userConnectionOptions, SessionData reconnectSessionData, Boolean applyTransientFaultHandling, String accessToken, DbConnectionPool pool)
   at Microsoft.Data.SqlClient.SqlConnectionFactory.CreateConnection(DbConnectionOptions options, DbConnectionPoolKey poolKey, Object poolGroupProviderInfo, DbConnectionPool pool, DbConnection owningConnection, DbConnectionOptions userOptions)
   at Microsoft.Data.ProviderBase.DbConnectionFactory.CreatePooledConnection(DbConnectionPool pool, DbConnection owningObject, DbConnectionOptions options, DbConnectionPoolKey poolKey, DbConnectionOptions userOptions)
   at Microsoft.Data.ProviderBase.DbConnectionPool.CreateObject(DbConnection owningObject, DbConnectionOptions userOptions, DbConnectionInternal oldConnection)
   at Microsoft.Data.ProviderBase.DbConnectionPool.UserCreateRequest(DbConnection owningObject, DbConnectionOptions userOptions, DbConnectionInternal oldConnection)
   at Microsoft.Data.ProviderBase.DbConnectionPool.TryGetConnection(DbConnection owningObject, UInt32 waitForMultipleObjectsTimeout, Boolean allowCreate, Boolean onlyOneCheckConnection, DbConnectionOptions userOptions, DbConnectionInternal& connection)
   at Microsoft.Data.ProviderBase.DbConnectionPool.TryGetConnection(DbConnection owningObject, TaskCompletionSource`1 retry, DbConnectionOptions userOptions, DbConnectionInternal& connection)
   at Microsoft.Data.ProviderBase.DbConnectionFactory.TryGetConnection(DbConnection owningConnection, TaskCompletionSource`1 retry, DbConnectionOptions userOptions, DbConnectionInternal oldConnection, DbConnectionInternal& connection)
   at Microsoft.Data.ProviderBase.DbConnectionInternal.TryOpenConnectionInternal(DbConnection outerConnection, DbConnectionFactory connectionFactory, TaskCompletionSource`1 retry, DbConnectionOptions userOptions)
   at Microsoft.Data.ProviderBase.DbConnectionClosed.TryOpenConnection(DbConnection outerConnection, DbConnectionFactory connectionFactory, TaskCompletionSource`1 retry, DbConnectionOptions userOptions)
   at Microsoft.Data.SqlClient.SqlConnection.TryOpen(TaskCompletionSource`1 retry, SqlConnectionOverrides overrides)
   at Microsoft.Data.SqlClient.SqlConnection.Open(SqlConnectionOverrides overrides)
   at Microsoft.Data.SqlClient.SqlConnection.Open()
   at Microsoft.EntityFrameworkCore.SqlServer.Storage.Internal.SqlServerConnection.OpenDbConnection(Boolean errorsExpected)
   at Microsoft.EntityFrameworkCore.Storage.RelationalConnection.OpenInternal(Boolean errorsExpected)
   at Microsoft.EntityFrameworkCore.Storage.RelationalConnection.Open(Boolean errorsExpected)
   at Microsoft.EntityFrameworkCore.Storage.RelationalCommand.ExecuteReader(RelationalCommandParameterObject parameterObject)
   at Microsoft.EntityFrameworkCore.Query.Internal.SingleQueryingEnumerable`1.Enumerator.InitializeReader(DbContext _, Boolean result)
   at Microsoft.EntityFrameworkCore.SqlServer.Storage.Internal.SqlServerExecutionStrategy.Execute[TState,TResult](TState state, Func`3 operation, Func`3 verifySucceeded)
   at Microsoft.EntityFrameworkCore.Query.Internal.SingleQueryingEnumerable`1.Enumerator.MoveNext()
ClientConnectionId:00000000-0000-0000-0000-000000000000"
Microsoft.Data.SqlClient.SqlException (0x80131904): A network-related or instance-specific error occurred while establishing a connection to SQL Server. The server was not found or was not accessible. Verify that the instance name is correct and that SQL Server is configured to allow remote connections. (provider: TCP Provider, error: 35 - An internal exception was caught)
 ---> System.ObjectDisposedException: Cannot access a disposed object.
Object name: 'System.Net.Sockets.Socket'.
   at System.Net.Sockets.Socket.ThrowObjectDisposedException()
   at System.Net.Sockets.Socket.SetSocketOption(SocketOptionLevel optionLevel, SocketOptionName optionName, Int32 optionValue)
   at System.Net.Sockets.Socket.set_NoDelay(Boolean value)
   at Microsoft.Data.SqlClient.SNI.SNITCPHandle..ctor(String serverName, Int32 port, Int64 timerExpire, Object callbackObject, Boolean parallel, String cachedFQDN, SQLDNSInfo& pendingDNSInfo)
   at Microsoft.Data.SqlClient.SqlInternalConnection.OnError(SqlException exception, Boolean breakConnection, Action`1 wrapCloseInAction)
   at Microsoft.Data.SqlClient.TdsParser.ThrowExceptionAndWarning(TdsParserStateObject stateObj, Boolean callerHasConnectionLock, Boolean asyncClose)
   at Microsoft.Data.SqlClient.TdsParser.Connect(ServerInfo serverInfo, SqlInternalConnectionTds connHandler, Boolean ignoreSniOpenTimeout, Int64 timerExpire, Boolean encrypt, Boolean trustServerCert, Boolean integratedSecurity, Boolean withFailover, SqlAuthenticationMethod authType)
   at Microsoft.Data.SqlClient.SqlInternalConnectionTds.AttemptOneLogin(ServerInfo serverInfo, String newPassword, SecureString newSecurePassword, Boolean ignoreSniOpenTimeout, TimeoutTimer timeout, Boolean withFailover)
   at Microsoft.Data.SqlClient.SqlInternalConnectionTds.LoginNoFailover(ServerInfo serverInfo, String newPassword, SecureString newSecurePassword, Boolean redirectedUserInstance, SqlConnectionString connectionOptions, SqlCredential credential, TimeoutTimer timeout)
   at Microsoft.Data.SqlClient.SqlInternalConnectionTds.OpenLoginEnlist(TimeoutTimer timeout, SqlConnectionString connectionOptions, SqlCredential credential, String newPassword, SecureString newSecurePassword, Boolean redirectedUserInstance)
   at Microsoft.Data.SqlClient.SqlInternalConnectionTds..ctor(DbConnectionPoolIdentity identity, SqlConnectionString connectionOptions, SqlCredential credential, Object providerInfo, String newPassword, SecureString newSecurePassword, Boolean redirectedUserInstance, SqlConnectionString userConnectionOptions, SessionData reconnectSessionData, Boolean applyTransientFaultHandling, String accessToken, DbConnectionPool pool)
   at Microsoft.Data.SqlClient.SqlConnectionFactory.CreateConnection(DbConnectionOptions options, DbConnectionPoolKey poolKey, Object poolGroupProviderInfo, DbConnectionPool pool, DbConnection owningConnection, DbConnectionOptions userOptions)
   at Microsoft.Data.ProviderBase.DbConnectionFactory.CreatePooledConnection(DbConnectionPool pool, DbConnection owningObject, DbConnectionOptions options, DbConnectionPoolKey poolKey, DbConnectionOptions userOptions)
   at Microsoft.Data.ProviderBase.DbConnectionPool.CreateObject(DbConnection owningObject, DbConnectionOptions userOptions, DbConnectionInternal oldConnection)
   at Microsoft.Data.ProviderBase.DbConnectionPool.UserCreateRequest(DbConnection owningObject, DbConnectionOptions userOptions, DbConnectionInternal oldConnection)
   at Microsoft.Data.ProviderBase.DbConnectionPool.TryGetConnection(DbConnection owningObject, UInt32 waitForMultipleObjectsTimeout, Boolean allowCreate, Boolean onlyOneCheckConnection, DbConnectionOptions userOptions, DbConnectionInternal& connection)
   at Microsoft.Data.ProviderBase.DbConnectionPool.TryGetConnection(DbConnection owningObject, TaskCompletionSource`1 retry, DbConnectionOptions userOptions, DbConnectionInternal& connection)
   at Microsoft.Data.ProviderBase.DbConnectionFactory.TryGetConnection(DbConnection owningConnection, TaskCompletionSource`1 retry, DbConnectionOptions userOptions, DbConnectionInternal oldConnection, DbConnectionInternal& connection)
   at Microsoft.Data.ProviderBase.DbConnectionInternal.TryOpenConnectionInternal(DbConnection outerConnection, DbConnectionFactory connectionFactory, TaskCompletionSource`1 retry, DbConnectionOptions userOptions)
   at Microsoft.Data.ProviderBase.DbConnectionClosed.TryOpenConnection(DbConnection outerConnection, DbConnectionFactory connectionFactory, TaskCompletionSource`1 retry, DbConnectionOptions userOptions)
   at Microsoft.Data.SqlClient.SqlConnection.TryOpen(TaskCompletionSource`1 retry, SqlConnectionOverrides overrides)
   at Microsoft.Data.SqlClient.SqlConnection.Open(SqlConnectionOverrides overrides)
   at Microsoft.Data.SqlClient.SqlConnection.Open()
   at Microsoft.EntityFrameworkCore.SqlServer.Storage.Internal.SqlServerConnection.OpenDbConnection(Boolean errorsExpected)
   at Microsoft.EntityFrameworkCore.Storage.RelationalConnection.OpenInternal(Boolean errorsExpected)
   at Microsoft.EntityFrameworkCore.Storage.RelationalConnection.Open(Boolean errorsExpected)
   at Microsoft.EntityFrameworkCore.Storage.RelationalCommand.ExecuteReader(RelationalCommandParameterObject parameterObject)
   at Microsoft.EntityFrameworkCore.Query.Internal.SingleQueryingEnumerable`1.Enumerator.InitializeReader(DbContext _, Boolean result)
   at Microsoft.EntityFrameworkCore.SqlServer.Storage.Internal.SqlServerExecutionStrategy.Execute[TState,TResult](TState state, Func`3 operation, Func`3 verifySucceeded)
   at Microsoft.EntityFrameworkCore.Query.Internal.SingleQueryingEnumerable`1.Enumerator.MoveNext()
ClientConnectionId:00000000-0000-0000-0000-000000000000
2023-05-01T12:41:48.2078470+01:00 [ERR] (CIB.CorporateAdmin.Controllers.AccountController) SERVER ERROR "\"   at Microsoft.Data.SqlClient.SqlInternalConnection.OnError(SqlException exception, Boolean breakConnection, Action`1 wrapCloseInAction)\n   at Microsoft.Data.SqlClient.TdsParser.ThrowExceptionAndWarning(TdsParserStateObject stateObj, Boolean callerHasConnectionLock, Boolean asyncClose)\n   at Microsoft.Data.SqlClient.TdsParser.Connect(ServerInfo serverInfo, SqlInternalConnectionTds connHandler, Boolean ignoreSniOpenTimeout, Int64 timerExpire, Boolean encrypt, Boolean trustServerCert, Boolean integratedSecurity, Boolean withFailover, SqlAuthenticationMethod authType)\n   at Microsoft.Data.SqlClient.SqlInternalConnectionTds.AttemptOneLogin(ServerInfo serverInfo, String newPassword, SecureString newSecurePassword, Boolean ignoreSniOpenTimeout, TimeoutTimer timeout, Boolean withFailover)\n   at Microsoft.Data.SqlClient.SqlInternalConnectionTds.LoginNoFailover(ServerInfo serverInfo, String newPassword, SecureString newSecurePassword, Boolean redirectedUserInstance, SqlConnectionString connectionOptions, SqlCredential credential, TimeoutTimer timeout)\n   at Microsoft.Data.SqlClient.SqlInternalConnectionTds.OpenLoginEnlist(TimeoutTimer timeout, SqlConnectionString connectionOptions, SqlCredential credential, String newPassword, SecureString newSecurePassword, Boolean redirectedUserInstance)\n   at Microsoft.Data.SqlClient.SqlInternalConnectionTds..ctor(DbConnectionPoolIdentity identity, SqlConnectionString connectionOptions, SqlCredential credential, Object providerInfo, String newPassword, SecureString newSecurePassword, Boolean redirectedUserInstance, SqlConnectionString userConnectionOptions, SessionData reconnectSessionData, Boolean applyTransientFaultHandling, String accessToken, DbConnectionPool pool)\n   at Microsoft.Data.SqlClient.SqlConnectionFactory.CreateConnection(DbConnectionOptions options, DbConnectionPoolKey poolKey, Object poolGroupProviderInfo, DbConnectionPool pool, DbConnection owningConnection, DbConnectionOptions userOptions)\n   at Microsoft.Data.ProviderBase.DbConnectionFactory.CreatePooledConnection(DbConnectionPool pool, DbConnection owningObject, DbConnectionOptions options, DbConnectionPoolKey poolKey, DbConnectionOptions userOptions)\n   at Microsoft.Data.ProviderBase.DbConnectionPool.CreateObject(DbConnection owningObject, DbConnectionOptions userOptions, DbConnectionInternal oldConnection)\n   at Microsoft.Data.ProviderBase.DbConnectionPool.UserCreateRequest(DbConnection owningObject, DbConnectionOptions userOptions, DbConnectionInternal oldConnection)\n   at Microsoft.Data.ProviderBase.DbConnectionPool.TryGetConnection(DbConnection owningObject, UInt32 waitForMultipleObjectsTimeout, Boolean allowCreate, Boolean onlyOneCheckConnection, DbConnectionOptions userOptions, DbConnectionInternal& connection)\n   at Microsoft.Data.ProviderBase.DbConnectionPool.TryGetConnection(DbConnection owningObject, TaskCompletionSource`1 retry, DbConnectionOptions userOptions, DbConnectionInternal& connection)\n   at Microsoft.Data.ProviderBase.DbConnectionFactory.TryGetConnection(DbConnection owningConnection, TaskCompletionSource`1 retry, DbConnectionOptions userOptions, DbConnectionInternal oldConnection, DbConnectionInternal& connection)\n   at Microsoft.Data.ProviderBase.DbConnectionInternal.TryOpenConnectionInternal(DbConnection outerConnection, DbConnectionFactory connectionFactory, TaskCompletionSource`1 retry, DbConnectionOptions userOptions)\n   at Microsoft.Data.ProviderBase.DbConnectionClosed.TryOpenConnection(DbConnection outerConnection, DbConnectionFactory connectionFactory, TaskCompletionSource`1 retry, DbConnectionOptions userOptions)\n   at Microsoft.Data.SqlClient.SqlConnection.TryOpen(TaskCompletionSource`1 retry, SqlConnectionOverrides overrides)\n   at Microsoft.Data.SqlClient.SqlConnection.Open(SqlConnectionOverrides overrides)\n   at Microsoft.Data.SqlClient.SqlConnection.Open()\n   at Microsoft.EntityFrameworkCore.SqlServer.Storage.Internal.SqlServerConnection.OpenDbConnection(Boolean errorsExpected)\n   at Microsoft.EntityFrameworkCore.Storage.RelationalConnection.OpenInternal(Boolean errorsExpected)\n   at Microsoft.EntityFrameworkCore.Storage.RelationalConnection.Open(Boolean errorsExpected)\n   at Microsoft.EntityFrameworkCore.Storage.RelationalCommand.ExecuteReader(RelationalCommandParameterObject parameterObject)\n   at Microsoft.EntityFrameworkCore.Query.Internal.SingleQueryingEnumerable`1.Enumerator.InitializeReader(DbContext _, Boolean result)\n   at Microsoft.EntityFrameworkCore.SqlServer.Storage.Internal.SqlServerExecutionStrategy.Execute[TState,TResult](TState state, Func`3 operation, Func`3 verifySucceeded)\n   at Microsoft.EntityFrameworkCore.Query.Internal.SingleQueryingEnumerable`1.Enumerator.MoveNext()\n   at System.Linq.Enumerable.SingleOrDefault[TSource](IEnumerable`1 source)\n   at Microsoft.EntityFrameworkCore.Query.Internal.QueryCompiler.Execute[TResult](Expression query)\n   at Microsoft.EntityFrameworkCore.Query.Internal.EntityQueryProvider.Execute[TResult](Expression expression)\n   at System.Linq.Queryable.SingleOrDefault[TSource](IQueryable`1 source, Expression`1 predicate)\n   at CIB.Core.Modules.CorporateCustomer.CorporateCustomerRepository.GetCustomerByCustomerId(String customerId) in /Users/kufregodwin/Projects/parallex-backend/CIB.Core/Modules/CorporateCustomer/CorporateCustomerRepository.cs:line 66\n   at CIB.CorporateAdmin.Controllers.AccountController.FirstLoginPasswordChange(FirstLoginPasswordChangeModel model) in /Users/kufregodwin/Projects/parallex-backend/CIB.CorporateAdmin/Controllers/AccountController.cs:line 1034\"", "\"Core Microsoft SqlClient Data Provider\"", "\"A network-related or instance-specific error occurred while establishing a connection to SQL Server. The server was not found or was not accessible. Verify that the instance name is correct and that SQL Server is configured to allow remote connections. (provider: TCP Provider, error: 35 - An internal exception was caught)\""
2023-05-01T12:42:30.0826840+01:00 [INF] () Corporate Application Starting.
2023-05-01T12:43:27.2632920+01:00 [INF] () Corporate Application Starting.
2023-05-01T12:43:34.7619370+01:00 [INF] (Microsoft.Hosting.Lifetime) Now listening on: "https://localhost:17359"
2023-05-01T12:43:34.7648690+01:00 [INF] (Microsoft.Hosting.Lifetime) Now listening on: "http://localhost:41309"
2023-05-01T12:43:34.7656040+01:00 [INF] (Microsoft.Hosting.Lifetime) Application started. Press Ctrl+C to shut down.
2023-05-01T12:43:34.7656830+01:00 [INF] (Microsoft.Hosting.Lifetime) Hosting environment: "Development"
2023-05-01T12:43:34.7657200+01:00 [INF] (Microsoft.Hosting.Lifetime) Content root path: "/Users/kufregodwin/Projects/parallex-backend/CIB.CorporateAdmin"
2023-05-01T12:48:53.7288710+01:00 [INF] () Corporate Application Starting.
2023-05-01T12:48:55.1725310+01:00 [INF] (Microsoft.Hosting.Lifetime) Now listening on: "https://localhost:17359"
2023-05-01T12:48:55.1758460+01:00 [INF] (Microsoft.Hosting.Lifetime) Now listening on: "http://localhost:41309"
2023-05-01T12:48:55.1761060+01:00 [INF] (Microsoft.Hosting.Lifetime) Application started. Press Ctrl+C to shut down.
2023-05-01T12:48:55.1761490+01:00 [INF] (Microsoft.Hosting.Lifetime) Hosting environment: "Development"
2023-05-01T12:48:55.1761950+01:00 [INF] (Microsoft.Hosting.Lifetime) Content root path: "/Users/kufregodwin/Projects/parallex-backend/CIB.CorporateAdmin"
2023-05-01T12:50:05.2038050+01:00 [INF] () Corporate Application Starting.
2023-05-01T12:50:06.7669350+01:00 [INF] (Microsoft.Hosting.Lifetime) Now listening on: "https://localhost:17359"
2023-05-01T12:50:06.7707430+01:00 [INF] (Microsoft.Hosting.Lifetime) Now listening on: "http://localhost:41309"
2023-05-01T12:50:06.7711070+01:00 [INF] (Microsoft.Hosting.Lifetime) Application started. Press Ctrl+C to shut down.
2023-05-01T12:50:06.7711780+01:00 [INF] (Microsoft.Hosting.Lifetime) Hosting environment: "Development"
2023-05-01T12:50:06.7712120+01:00 [INF] (Microsoft.Hosting.Lifetime) Content root path: "/Users/kufregodwin/Projects/parallex-backend/CIB.CorporateAdmin"
2023-05-01T12:53:35.9037260+01:00 [INF] () Corporate Application Starting.
2023-05-01T12:53:37.3963270+01:00 [INF] (Microsoft.Hosting.Lifetime) Now listening on: "https://localhost:17359"
2023-05-01T12:53:37.4012980+01:00 [INF] (Microsoft.Hosting.Lifetime) Now listening on: "http://localhost:41309"
2023-05-01T12:53:37.4015950+01:00 [INF] (Microsoft.Hosting.Lifetime) Application started. Press Ctrl+C to shut down.
2023-05-01T12:53:37.4016520+01:00 [INF] (Microsoft.Hosting.Lifetime) Hosting environment: "Development"
2023-05-01T12:53:37.4016930+01:00 [INF] (Microsoft.Hosting.Lifetime) Content root path: "/Users/kufregodwin/Projects/parallex-backend/CIB.CorporateAdmin"
2023-05-01T12:54:03.6207220+01:00 [INF] () Corporate Application Starting.
2023-05-01T12:54:05.1336220+01:00 [INF] (Microsoft.Hosting.Lifetime) Now listening on: "https://localhost:17359"
2023-05-01T12:54:05.1368200+01:00 [INF] (Microsoft.Hosting.Lifetime) Now listening on: "http://localhost:41309"
2023-05-01T12:54:05.1371160+01:00 [INF] (Microsoft.Hosting.Lifetime) Application started. Press Ctrl+C to shut down.
2023-05-01T12:54:05.1371840+01:00 [INF] (Microsoft.Hosting.Lifetime) Hosting environment: "Development"
2023-05-01T12:54:05.1372200+01:00 [INF] (Microsoft.Hosting.Lifetime) Content root path: "/Users/kufregodwin/Projects/parallex-backend/CIB.CorporateAdmin"
2023-05-01T12:55:03.3967920+01:00 [INF] () Corporate Application Starting.
2023-05-01T12:55:04.8553400+01:00 [INF] (Microsoft.Hosting.Lifetime) Now listening on: "https://localhost:17359"
2023-05-01T12:55:04.8587510+01:00 [INF] (Microsoft.Hosting.Lifetime) Now listening on: "http://localhost:41309"
2023-05-01T12:55:04.8590020+01:00 [INF] (Microsoft.Hosting.Lifetime) Application started. Press Ctrl+C to shut down.
2023-05-01T12:55:04.8590520+01:00 [INF] (Microsoft.Hosting.Lifetime) Hosting environment: "Development"
2023-05-01T12:55:04.8590990+01:00 [INF] (Microsoft.Hosting.Lifetime) Content root path: "/Users/kufregodwin/Projects/parallex-backend/CIB.CorporateAdmin"
2023-05-01T12:56:19.8319270+01:00 [INF] (System.Net.Http.HttpClient.IEmailService.LogicalHandler) Start processing HTTP request "POST" http://testapi.parallexbank.com/notificationservice/Notification/SendEmail
2023-05-01T12:56:19.8360960+01:00 [INF] (System.Net.Http.HttpClient.IEmailService.ClientHandler) Sending HTTP request "POST" http://testapi.parallexbank.com/notificationservice/Notification/SendEmail
2023-05-01T12:57:25.5449560+01:00 [INF] () Corporate Application Starting.
2023-05-01T12:57:27.1625230+01:00 [INF] (Microsoft.Hosting.Lifetime) Now listening on: "https://localhost:17359"
2023-05-01T12:57:27.1675290+01:00 [INF] (Microsoft.Hosting.Lifetime) Now listening on: "http://localhost:41309"
2023-05-01T12:57:27.1712770+01:00 [INF] (Microsoft.Hosting.Lifetime) Application started. Press Ctrl+C to shut down.
2023-05-01T12:57:27.1714320+01:00 [INF] (Microsoft.Hosting.Lifetime) Hosting environment: "Development"
2023-05-01T12:57:27.1715180+01:00 [INF] (Microsoft.Hosting.Lifetime) Content root path: "/Users/kufregodwin/Projects/parallex-backend/CIB.CorporateAdmin"
