2023-04-21T00:42:03.4441850+01:00 [INF] () Corporate Application Starting.
2023-04-21T00:42:04.1016100+01:00 [INF] (Microsoft.Hosting.Lifetime) Now listening on: "https://localhost:17359"
2023-04-21T00:42:04.1057850+01:00 [INF] (Microsoft.Hosting.Lifetime) Now listening on: "http://localhost:41309"
2023-04-21T00:42:04.1069970+01:00 [INF] (Microsoft.Hosting.Lifetime) Application started. Press Ctrl+C to shut down.
2023-04-21T00:42:04.1071510+01:00 [INF] (Microsoft.Hosting.Lifetime) Hosting environment: "Development"
2023-04-21T00:42:04.1072330+01:00 [INF] (Microsoft.Hosting.Lifetime) Content root path: "/Users/kufregodwin/Projects/parallex-backend/CIB.CorporateAdmin"
2023-04-21T00:46:49.9195210+01:00 [INF] () Corporate Application Starting.
2023-04-21T00:46:50.9393820+01:00 [INF] (Microsoft.Hosting.Lifetime) Now listening on: "https://localhost:17359"
2023-04-21T00:46:50.9425400+01:00 [INF] (Microsoft.Hosting.Lifetime) Now listening on: "http://localhost:41309"
2023-04-21T00:46:50.9427420+01:00 [INF] (Microsoft.Hosting.Lifetime) Application started. Press Ctrl+C to shut down.
2023-04-21T00:46:50.9427820+01:00 [INF] (Microsoft.Hosting.Lifetime) Hosting environment: "Development"
2023-04-21T00:46:50.9428110+01:00 [INF] (Microsoft.Hosting.Lifetime) Content root path: "/Users/kufregodwin/Projects/parallex-backend/CIB.CorporateAdmin"
2023-04-21T01:40:12.4424480+01:00 [ERR] (CIB.CorporateAdmin.Controllers.ChequeController) SERVER ERROR "\"   at lambda_method1248(Closure , Object , List`1 , ResolutionContext )\n   at CIB.CorporateAdmin.Controllers.ChequeController.CreateCorporateProfile() in /Users/kufregodwin/Projects/parallex-backend/CIB.CorporateAdmin/Controllers/ChequeController.cs:line 163\"", "\"Anonymously Hosted DynamicMethods Assembly\"", "\"Error mapping types.\n\nMapping types:\nObject -> List`1\nSystem.Object -> System.Collections.Generic.List`1[[CIB.Core.Modules.Cheque.Dto.RequestChequeBookHistory, CIB.Core, Version=1.0.0.0, Culture=neutral, PublicKeyToken=null]]\""
2023-04-21T01:42:39.1706940+01:00 [ERR] (CIB.CorporateAdmin.Controllers.ChequeController) SERVER ERROR "\"   at lambda_method1248(Closure , Object , List`1 , ResolutionContext )\n   at CIB.CorporateAdmin.Controllers.ChequeController.CreateCorporateProfile() in /Users/kufregodwin/Projects/parallex-backend/CIB.CorporateAdmin/Controllers/ChequeController.cs:line 163\"", "\"Anonymously Hosted DynamicMethods Assembly\"", "\"Error mapping types.\n\nMapping types:\nObject -> List`1\nSystem.Object -> System.Collections.Generic.List`1[[CIB.Core.Modules.Cheque.Dto.RequestChequeBookHistory, CIB.Core, Version=1.0.0.0, Culture=neutral, PublicKeyToken=null]]\""
2023-04-21T01:43:23.9149260+01:00 [INF] () Corporate Application Starting.
2023-04-21T01:43:24.5709110+01:00 [INF] (Microsoft.Hosting.Lifetime) Now listening on: "https://localhost:17359"
2023-04-21T01:43:24.5732980+01:00 [INF] (Microsoft.Hosting.Lifetime) Now listening on: "http://localhost:41309"
2023-04-21T01:43:24.5734610+01:00 [INF] (Microsoft.Hosting.Lifetime) Application started. Press Ctrl+C to shut down.
2023-04-21T01:43:24.5735210+01:00 [INF] (Microsoft.Hosting.Lifetime) Hosting environment: "Development"
2023-04-21T01:43:24.5735560+01:00 [INF] (Microsoft.Hosting.Lifetime) Content root path: "/Users/kufregodwin/Projects/parallex-backend/CIB.CorporateAdmin"
