2023-03-01T08:25:46.6305270+01:00 [INF] () Application Starting.
2023-03-01T08:25:47.1890700+01:00 [INF] (Microsoft.Hosting.Lifetime) Application started. Press Ctrl+C to shut down.
2023-03-01T08:25:47.1934280+01:00 [INF] (Microsoft.Hosting.Lifetime) Hosting environment: "Development"
2023-03-01T08:25:47.1949320+01:00 [INF] (Microsoft.Hosting.Lifetime) Content root path: "/Users/kufregodwin/Projects/parallex-backend/CIB.IntraBankTransactionService"
2023-03-01T14:37:49.9108670+01:00 [INF] () Application Starting.
2023-03-01T14:37:50.7584580+01:00 [INF] (Microsoft.Hosting.Lifetime) Application started. Press Ctrl+C to shut down.
2023-03-01T14:37:50.7645390+01:00 [INF] (Microsoft.Hosting.Lifetime) Hosting environment: "Development"
2023-03-01T14:37:50.7676990+01:00 [INF] (Microsoft.Hosting.Lifetime) Content root path: "/Users/kufregodwin/Projects/parallex-backend/CIB.IntraBankTransactionService"
2023-03-01T14:43:05.1947780+01:00 [INF] () Application Starting.
2023-03-01T14:43:05.7715910+01:00 [INF] (Microsoft.Hosting.Lifetime) Application started. Press Ctrl+C to shut down.
2023-03-01T14:43:05.7758430+01:00 [INF] (Microsoft.Hosting.Lifetime) Hosting environment: "Development"
2023-03-01T14:43:05.7787390+01:00 [INF] (Microsoft.Hosting.Lifetime) Content root path: "/Users/kufregodwin/Projects/parallex-backend/CIB.IntraBankTransactionService"
2023-03-01T14:43:39.0326380+01:00 [INF] (System.Net.Http.HttpClient.tokenClient.LogicalHandler) Start processing HTTP request "POST" http://testapi.parallexbank.com/transferservice/transfer/IntraBankTransfer
2023-03-01T14:43:39.0351970+01:00 [INF] (System.Net.Http.HttpClient.tokenClient.ClientHandler) Sending HTTP request "POST" http://testapi.parallexbank.com/transferservice/transfer/IntraBankTransfer
2023-03-01T14:43:51.8884900+01:00 [INF] (System.Net.Http.HttpClient.tokenClient.ClientHandler) Received HTTP response headers after 12848.5598ms - 200
2023-03-01T14:43:51.8899550+01:00 [INF] (System.Net.Http.HttpClient.tokenClient.LogicalHandler) End processing HTTP request after 12869.9548ms - 200
2023-03-01T15:25:16.6097700+01:00 [INF] () Application Starting.
2023-03-01T15:25:17.2268490+01:00 [INF] (Microsoft.Hosting.Lifetime) Application started. Press Ctrl+C to shut down.
2023-03-01T15:25:17.2297880+01:00 [INF] (Microsoft.Hosting.Lifetime) Hosting environment: "Development"
2023-03-01T15:25:17.2310260+01:00 [INF] (Microsoft.Hosting.Lifetime) Content root path: "/Users/kufregodwin/Projects/parallex-backend/CIB.IntraBankTransactionService"
2023-03-01T15:27:41.0313740+01:00 [INF] (System.Net.Http.HttpClient.tokenClient.LogicalHandler) Start processing HTTP request "POST" http://testapi.parallexbank.com/transferservice/transfer/IntraBankTransfer
2023-03-01T15:27:41.0354600+01:00 [INF] (System.Net.Http.HttpClient.tokenClient.ClientHandler) Sending HTTP request "POST" http://testapi.parallexbank.com/transferservice/transfer/IntraBankTransfer
2023-03-01T15:28:00.4564340+01:00 [INF] (System.Net.Http.HttpClient.tokenClient.ClientHandler) Received HTTP response headers after 19413.6892ms - 200
2023-03-01T15:28:00.4595470+01:00 [INF] (System.Net.Http.HttpClient.tokenClient.LogicalHandler) End processing HTTP request after 19439.5952ms - 200
2023-03-01T15:28:05.9761040+01:00 [INF] (System.Net.Http.HttpClient.tokenClient.LogicalHandler) Start processing HTTP request "POST" http://testapi.parallexbank.com/transferservice/transfer/IntraBankTransfer
2023-03-01T15:28:05.9761880+01:00 [INF] (System.Net.Http.HttpClient.tokenClient.ClientHandler) Sending HTTP request "POST" http://testapi.parallexbank.com/transferservice/transfer/IntraBankTransfer
2023-03-01T15:28:12.4397780+01:00 [INF] (System.Net.Http.HttpClient.tokenClient.ClientHandler) Received HTTP response headers after 6463.6075ms - 200
2023-03-01T15:28:12.4399470+01:00 [INF] (System.Net.Http.HttpClient.tokenClient.LogicalHandler) End processing HTTP request after 6463.9482ms - 200
2023-03-01T15:28:12.8829480+01:00 [INF] (System.Net.Http.HttpClient.tokenClient.LogicalHandler) Start processing HTTP request "POST" http://testapi.parallexbank.com/transferservice/transfer/IntraBankTransfer
2023-03-01T15:28:12.8830440+01:00 [INF] (System.Net.Http.HttpClient.tokenClient.ClientHandler) Sending HTTP request "POST" http://testapi.parallexbank.com/transferservice/transfer/IntraBankTransfer
2023-03-01T15:28:20.6333920+01:00 [INF] (System.Net.Http.HttpClient.tokenClient.ClientHandler) Received HTTP response headers after 7750.4085ms - 200
2023-03-01T15:28:20.6348080+01:00 [INF] (System.Net.Http.HttpClient.tokenClient.LogicalHandler) End processing HTTP request after 7751.9066ms - 200
2023-03-01T15:28:22.1505940+01:00 [INF] (System.Net.Http.HttpClient.tokenClient.LogicalHandler) Start processing HTTP request "POST" http://testapi.parallexbank.com/transferservice/transfer/IntraBankTransfer
2023-03-01T15:28:22.1507680+01:00 [INF] (System.Net.Http.HttpClient.tokenClient.ClientHandler) Sending HTTP request "POST" http://testapi.parallexbank.com/transferservice/transfer/IntraBankTransfer
2023-03-01T15:28:30.0947180+01:00 [INF] (System.Net.Http.HttpClient.tokenClient.ClientHandler) Received HTTP response headers after 7943.9698ms - 200
2023-03-01T15:28:30.0948260+01:00 [INF] (System.Net.Http.HttpClient.tokenClient.LogicalHandler) End processing HTTP request after 7944.3785ms - 200
2023-03-01T15:28:48.2492950+01:00 [INF] (System.Net.Http.HttpClient.tokenClient.LogicalHandler) Start processing HTTP request "POST" http://testapi.parallexbank.com/transferservice/transfer/IntraBankTransfer
2023-03-01T15:28:48.2501050+01:00 [INF] (System.Net.Http.HttpClient.tokenClient.ClientHandler) Sending HTTP request "POST" http://testapi.parallexbank.com/transferservice/transfer/IntraBankTransfer
2023-03-01T15:28:54.9782390+01:00 [INF] (System.Net.Http.HttpClient.tokenClient.ClientHandler) Received HTTP response headers after 6719.86ms - 200
2023-03-01T15:28:54.9784580+01:00 [INF] (System.Net.Http.HttpClient.tokenClient.LogicalHandler) End processing HTTP request after 6720.9567ms - 200
2023-03-01T15:28:55.2800940+01:00 [INF] (System.Net.Http.HttpClient.tokenClient.LogicalHandler) Start processing HTTP request "POST" http://testapi.parallexbank.com/transferservice/transfer/IntraBankTransfer
2023-03-01T15:28:55.2803370+01:00 [INF] (System.Net.Http.HttpClient.tokenClient.ClientHandler) Sending HTTP request "POST" http://testapi.parallexbank.com/transferservice/transfer/IntraBankTransfer
2023-03-01T15:29:02.7424510+01:00 [INF] (System.Net.Http.HttpClient.tokenClient.ClientHandler) Received HTTP response headers after 7456.4109ms - 200
2023-03-01T15:29:02.7426600+01:00 [INF] (System.Net.Http.HttpClient.tokenClient.LogicalHandler) End processing HTTP request after 7456.9788ms - 200
2023-03-01T15:29:06.0573170+01:00 [INF] (System.Net.Http.HttpClient.tokenClient.LogicalHandler) Start processing HTTP request "POST" http://testapi.parallexbank.com/transferservice/transfer/IntraBankTransfer
2023-03-01T15:29:06.0574620+01:00 [INF] (System.Net.Http.HttpClient.tokenClient.ClientHandler) Sending HTTP request "POST" http://testapi.parallexbank.com/transferservice/transfer/IntraBankTransfer
2023-03-01T15:29:13.3971270+01:00 [INF] (System.Net.Http.HttpClient.tokenClient.ClientHandler) Received HTTP response headers after 7336.8162ms - 200
2023-03-01T15:29:13.3983210+01:00 [INF] (System.Net.Http.HttpClient.tokenClient.LogicalHandler) End processing HTTP request after 7338.2691ms - 200
2023-03-01T18:22:48.1722050+01:00 [INF] () Application Starting.
2023-03-01T18:22:48.7819210+01:00 [INF] (Microsoft.Hosting.Lifetime) Application started. Press Ctrl+C to shut down.
2023-03-01T18:22:48.7853270+01:00 [INF] (Microsoft.Hosting.Lifetime) Hosting environment: "Development"
2023-03-01T18:22:48.7869530+01:00 [INF] (Microsoft.Hosting.Lifetime) Content root path: "/Users/kufregodwin/Projects/parallex-backend/CIB.IntraBankTransactionService"
2023-03-01T18:24:19.1902740+01:00 [INF] (System.Net.Http.HttpClient.tokenClient.LogicalHandler) Start processing HTTP request "POST" http://testapi.parallexbank.com/transferservice/transfer/IntraBankTransfer
2023-03-01T18:24:19.1941320+01:00 [INF] (System.Net.Http.HttpClient.tokenClient.ClientHandler) Sending HTTP request "POST" http://testapi.parallexbank.com/transferservice/transfer/IntraBankTransfer
2023-03-01T18:24:25.6426550+01:00 [INF] (System.Net.Http.HttpClient.tokenClient.ClientHandler) Received HTTP response headers after 6443.9293ms - 200
2023-03-01T18:24:25.6446100+01:00 [INF] (System.Net.Http.HttpClient.tokenClient.LogicalHandler) End processing HTTP request after 6464.3768ms - 200
2023-03-01T18:24:27.6223550+01:00 [INF] (System.Net.Http.HttpClient.tokenClient.LogicalHandler) Start processing HTTP request "POST" http://testapi.parallexbank.com/transferservice/transfer/IntraBankTransfer
2023-03-01T18:24:27.6224320+01:00 [INF] (System.Net.Http.HttpClient.tokenClient.ClientHandler) Sending HTTP request "POST" http://testapi.parallexbank.com/transferservice/transfer/IntraBankTransfer
2023-03-01T18:24:31.4443590+01:00 [INF] (System.Net.Http.HttpClient.tokenClient.ClientHandler) Received HTTP response headers after 3821.8612ms - 200
2023-03-01T18:24:31.4445790+01:00 [INF] (System.Net.Http.HttpClient.tokenClient.LogicalHandler) End processing HTTP request after 3822.2078ms - 200
2023-03-01T18:24:32.6169570+01:00 [INF] (System.Net.Http.HttpClient.tokenClient.LogicalHandler) Start processing HTTP request "POST" http://testapi.parallexbank.com/transferservice/transfer/IntraBankTransfer
2023-03-01T18:24:32.6170350+01:00 [INF] (System.Net.Http.HttpClient.tokenClient.ClientHandler) Sending HTTP request "POST" http://testapi.parallexbank.com/transferservice/transfer/IntraBankTransfer
2023-03-01T18:24:36.1826590+01:00 [INF] (System.Net.Http.HttpClient.tokenClient.ClientHandler) Received HTTP response headers after 3565.5473ms - 200
2023-03-01T18:24:36.1828910+01:00 [INF] (System.Net.Http.HttpClient.tokenClient.LogicalHandler) End processing HTTP request after 3565.9166ms - 200
2023-03-01T18:24:37.2553360+01:00 [INF] (System.Net.Http.HttpClient.tokenClient.LogicalHandler) Start processing HTTP request "POST" http://testapi.parallexbank.com/transferservice/transfer/IntraBankTransfer
2023-03-01T18:24:37.2554800+01:00 [INF] (System.Net.Http.HttpClient.tokenClient.ClientHandler) Sending HTTP request "POST" http://testapi.parallexbank.com/transferservice/transfer/IntraBankTransfer
2023-03-01T18:24:42.0893000+01:00 [INF] (System.Net.Http.HttpClient.tokenClient.ClientHandler) Received HTTP response headers after 4833.7327ms - 200
2023-03-01T18:24:42.0894440+01:00 [INF] (System.Net.Http.HttpClient.tokenClient.LogicalHandler) End processing HTTP request after 4834.1121ms - 200
2023-03-01T18:24:46.4543650+01:00 [INF] (System.Net.Http.HttpClient.tokenClient.LogicalHandler) Start processing HTTP request "POST" http://testapi.parallexbank.com/transferservice/transfer/IntraBankTransfer
2023-03-01T18:24:46.4544750+01:00 [INF] (System.Net.Http.HttpClient.tokenClient.ClientHandler) Sending HTTP request "POST" http://testapi.parallexbank.com/transferservice/transfer/IntraBankTransfer
2023-03-01T18:24:50.4139620+01:00 [INF] (System.Net.Http.HttpClient.tokenClient.ClientHandler) Received HTTP response headers after 3959.3866ms - 200
2023-03-01T18:24:50.4142260+01:00 [INF] (System.Net.Http.HttpClient.tokenClient.LogicalHandler) End processing HTTP request after 3959.8521ms - 200
2023-03-01T18:24:54.3650610+01:00 [INF] (System.Net.Http.HttpClient.tokenClient.LogicalHandler) Start processing HTTP request "POST" http://testapi.parallexbank.com/transferservice/transfer/IntraBankTransfer
2023-03-01T18:24:54.3651970+01:00 [INF] (System.Net.Http.HttpClient.tokenClient.ClientHandler) Sending HTTP request "POST" http://testapi.parallexbank.com/transferservice/transfer/IntraBankTransfer
2023-03-01T18:24:57.1889270+01:00 [INF] (System.Net.Http.HttpClient.tokenClient.ClientHandler) Received HTTP response headers after 2823.6483ms - 200
2023-03-01T18:24:57.1892630+01:00 [INF] (System.Net.Http.HttpClient.tokenClient.LogicalHandler) End processing HTTP request after 2824.1789ms - 200
2023-03-01T18:24:58.5999260+01:00 [INF] (System.Net.Http.HttpClient.tokenClient.LogicalHandler) Start processing HTTP request "POST" http://testapi.parallexbank.com/transferservice/transfer/IntraBankTransfer
2023-03-01T18:24:58.6008170+01:00 [INF] (System.Net.Http.HttpClient.tokenClient.ClientHandler) Sending HTTP request "POST" http://testapi.parallexbank.com/transferservice/transfer/IntraBankTransfer
2023-03-01T18:24:59.8719590+01:00 [INF] (System.Net.Http.HttpClient.tokenClient.ClientHandler) Received HTTP response headers after 1270.9993ms - 200
2023-03-01T18:24:59.8721350+01:00 [INF] (System.Net.Http.HttpClient.tokenClient.LogicalHandler) End processing HTTP request after 1272.2126ms - 200
2023-03-01T18:25:04.0235520+01:00 [INF] (System.Net.Http.HttpClient.tokenClient.LogicalHandler) Start processing HTTP request "POST" http://testapi.parallexbank.com/transferservice/transfer/IntraBankTransfer
2023-03-01T18:25:04.0236860+01:00 [INF] (System.Net.Http.HttpClient.tokenClient.ClientHandler) Sending HTTP request "POST" http://testapi.parallexbank.com/transferservice/transfer/IntraBankTransfer
2023-03-01T18:25:07.2316090+01:00 [INF] (System.Net.Http.HttpClient.tokenClient.ClientHandler) Received HTTP response headers after 3207.8367ms - 200
2023-03-01T18:25:07.2327440+01:00 [INF] (System.Net.Http.HttpClient.tokenClient.LogicalHandler) End processing HTTP request after 3209.1834ms - 200
2023-03-01T18:25:08.8090310+01:00 [INF] (System.Net.Http.HttpClient.tokenClient.LogicalHandler) Start processing HTTP request "POST" http://testapi.parallexbank.com/transferservice/transfer/IntraBankTransfer
2023-03-01T18:25:08.8091440+01:00 [INF] (System.Net.Http.HttpClient.tokenClient.ClientHandler) Sending HTTP request "POST" http://testapi.parallexbank.com/transferservice/transfer/IntraBankTransfer
2023-03-01T18:25:09.7969670+01:00 [INF] (System.Net.Http.HttpClient.tokenClient.ClientHandler) Received HTTP response headers after 987.7608ms - 200
2023-03-01T18:25:09.7971490+01:00 [INF] (System.Net.Http.HttpClient.tokenClient.LogicalHandler) End processing HTTP request after 988.128ms - 200
2023-03-01T18:25:13.8740000+01:00 [INF] (System.Net.Http.HttpClient.tokenClient.LogicalHandler) Start processing HTTP request "POST" http://testapi.parallexbank.com/transferservice/transfer/IntraBankTransfer
2023-03-01T18:25:13.8748670+01:00 [INF] (System.Net.Http.HttpClient.tokenClient.ClientHandler) Sending HTTP request "POST" http://testapi.parallexbank.com/transferservice/transfer/IntraBankTransfer
2023-03-01T18:25:17.7748690+01:00 [INF] (System.Net.Http.HttpClient.tokenClient.ClientHandler) Received HTTP response headers after 3899.8635ms - 200
2023-03-01T18:25:17.7757060+01:00 [INF] (System.Net.Http.HttpClient.tokenClient.LogicalHandler) End processing HTTP request after 3901.7248ms - 200
2023-03-01T18:25:19.5492380+01:00 [INF] (System.Net.Http.HttpClient.tokenClient.LogicalHandler) Start processing HTTP request "POST" http://testapi.parallexbank.com/transferservice/transfer/IntraBankTransfer
2023-03-01T18:25:19.5493550+01:00 [INF] (System.Net.Http.HttpClient.tokenClient.ClientHandler) Sending HTTP request "POST" http://testapi.parallexbank.com/transferservice/transfer/IntraBankTransfer
2023-03-01T18:25:20.3460190+01:00 [INF] (System.Net.Http.HttpClient.tokenClient.ClientHandler) Received HTTP response headers after 796.5869ms - 200
2023-03-01T18:25:20.3461660+01:00 [INF] (System.Net.Http.HttpClient.tokenClient.LogicalHandler) End processing HTTP request after 796.9442ms - 200
2023-03-01T18:25:24.9916680+01:00 [INF] (System.Net.Http.HttpClient.tokenClient.LogicalHandler) Start processing HTTP request "POST" http://testapi.parallexbank.com/transferservice/transfer/IntraBankTransfer
2023-03-01T18:25:24.9921920+01:00 [INF] (System.Net.Http.HttpClient.tokenClient.ClientHandler) Sending HTTP request "POST" http://testapi.parallexbank.com/transferservice/transfer/IntraBankTransfer
2023-03-01T18:25:27.8771550+01:00 [INF] (System.Net.Http.HttpClient.tokenClient.ClientHandler) Received HTTP response headers after 2884.8724ms - 200
2023-03-01T18:25:27.8863880+01:00 [INF] (System.Net.Http.HttpClient.tokenClient.LogicalHandler) End processing HTTP request after 2894.6636ms - 200
2023-03-01T18:25:29.6265040+01:00 [INF] (System.Net.Http.HttpClient.tokenClient.LogicalHandler) Start processing HTTP request "POST" http://testapi.parallexbank.com/transferservice/transfer/IntraBankTransfer
2023-03-01T18:25:29.6266150+01:00 [INF] (System.Net.Http.HttpClient.tokenClient.ClientHandler) Sending HTTP request "POST" http://testapi.parallexbank.com/transferservice/transfer/IntraBankTransfer
2023-03-01T18:25:30.4862980+01:00 [INF] (System.Net.Http.HttpClient.tokenClient.ClientHandler) Received HTTP response headers after 859.6316ms - 200
2023-03-01T18:25:30.4864070+01:00 [INF] (System.Net.Http.HttpClient.tokenClient.LogicalHandler) End processing HTTP request after 859.9159ms - 200
2023-03-01T18:25:34.3517820+01:00 [INF] (System.Net.Http.HttpClient.tokenClient.LogicalHandler) Start processing HTTP request "POST" http://testapi.parallexbank.com/transferservice/transfer/IntraBankTransfer
2023-03-01T18:25:34.3519040+01:00 [INF] (System.Net.Http.HttpClient.tokenClient.ClientHandler) Sending HTTP request "POST" http://testapi.parallexbank.com/transferservice/transfer/IntraBankTransfer
2023-03-01T18:25:35.1376790+01:00 [INF] (System.Net.Http.HttpClient.tokenClient.ClientHandler) Received HTTP response headers after 785.6478ms - 200
2023-03-01T18:25:35.1378340+01:00 [INF] (System.Net.Http.HttpClient.tokenClient.LogicalHandler) End processing HTTP request after 786.0645ms - 200
2023-03-01T18:42:12.8608940+01:00 [INF] () Application Starting.
2023-03-01T18:42:13.7237780+01:00 [INF] (Microsoft.Hosting.Lifetime) Application started. Press Ctrl+C to shut down.
2023-03-01T18:42:13.7281380+01:00 [INF] (Microsoft.Hosting.Lifetime) Hosting environment: "Development"
2023-03-01T18:42:13.7301110+01:00 [INF] (Microsoft.Hosting.Lifetime) Content root path: "/Users/kufregodwin/Projects/parallex-backend/CIB.IntraBankTransactionService"
2023-03-01T18:50:24.4228920+01:00 [INF] (System.Net.Http.HttpClient.tokenClient.LogicalHandler) Start processing HTTP request "POST" http://testapi.parallexbank.com/transferservice/transfer/IntraBankTransfer
2023-03-01T18:50:24.4265940+01:00 [INF] (System.Net.Http.HttpClient.tokenClient.ClientHandler) Sending HTTP request "POST" http://testapi.parallexbank.com/transferservice/transfer/IntraBankTransfer
2023-03-01T18:50:30.1063000+01:00 [INF] (System.Net.Http.HttpClient.tokenClient.ClientHandler) Received HTTP response headers after 5675.2628ms - 200
2023-03-01T18:50:30.1077440+01:00 [INF] (System.Net.Http.HttpClient.tokenClient.LogicalHandler) End processing HTTP request after 5696.8031ms - 200
2023-03-01T18:50:31.5241080+01:00 [INF] (System.Net.Http.HttpClient.tokenClient.LogicalHandler) Start processing HTTP request "POST" http://testapi.parallexbank.com/transferservice/transfer/IntraBankTransfer
2023-03-01T18:50:31.5242200+01:00 [INF] (System.Net.Http.HttpClient.tokenClient.ClientHandler) Sending HTTP request "POST" http://testapi.parallexbank.com/transferservice/transfer/IntraBankTransfer
2023-03-01T18:50:39.7252430+01:00 [INF] (System.Net.Http.HttpClient.tokenClient.ClientHandler) Received HTTP response headers after 8200.9288ms - 200
2023-03-01T18:50:39.7257390+01:00 [INF] (System.Net.Http.HttpClient.tokenClient.LogicalHandler) End processing HTTP request after 8201.5864ms - 200
2023-03-01T18:50:41.4514520+01:00 [INF] (System.Net.Http.HttpClient.tokenClient.LogicalHandler) Start processing HTTP request "POST" http://testapi.parallexbank.com/transferservice/transfer/IntraBankTransfer
2023-03-01T18:50:41.4516650+01:00 [INF] (System.Net.Http.HttpClient.tokenClient.ClientHandler) Sending HTTP request "POST" http://testapi.parallexbank.com/transferservice/transfer/IntraBankTransfer
2023-03-01T18:50:49.5562190+01:00 [INF] (System.Net.Http.HttpClient.tokenClient.ClientHandler) Received HTTP response headers after 8104.3482ms - 200
2023-03-01T18:50:49.5563210+01:00 [INF] (System.Net.Http.HttpClient.tokenClient.LogicalHandler) End processing HTTP request after 8104.8565ms - 200
2023-03-01T18:50:50.9551320+01:00 [INF] (System.Net.Http.HttpClient.tokenClient.LogicalHandler) Start processing HTTP request "POST" http://testapi.parallexbank.com/transferservice/transfer/IntraBankTransfer
2023-03-01T18:50:50.9552490+01:00 [INF] (System.Net.Http.HttpClient.tokenClient.ClientHandler) Sending HTTP request "POST" http://testapi.parallexbank.com/transferservice/transfer/IntraBankTransfer
2023-03-01T18:50:56.7209060+01:00 [INF] (System.Net.Http.HttpClient.tokenClient.ClientHandler) Received HTTP response headers after 5765.5673ms - 200
2023-03-01T18:50:56.7211760+01:00 [INF] (System.Net.Http.HttpClient.tokenClient.LogicalHandler) End processing HTTP request after 5766.0195ms - 200
2023-03-01T18:51:00.7666530+01:00 [INF] (System.Net.Http.HttpClient.tokenClient.LogicalHandler) Start processing HTTP request "POST" http://testapi.parallexbank.com/transferservice/transfer/IntraBankTransfer
2023-03-01T18:51:00.7667820+01:00 [INF] (System.Net.Http.HttpClient.tokenClient.ClientHandler) Sending HTTP request "POST" http://testapi.parallexbank.com/transferservice/transfer/IntraBankTransfer
2023-03-01T18:51:08.4867670+01:00 [INF] (System.Net.Http.HttpClient.tokenClient.ClientHandler) Received HTTP response headers after 7719.8865ms - 200
2023-03-01T18:51:08.4869110+01:00 [INF] (System.Net.Http.HttpClient.tokenClient.LogicalHandler) End processing HTTP request after 7720.2429ms - 200
2023-03-01T18:51:09.8085280+01:00 [INF] (System.Net.Http.HttpClient.tokenClient.LogicalHandler) Start processing HTTP request "POST" http://testapi.parallexbank.com/transferservice/transfer/IntraBankTransfer
2023-03-01T18:51:09.8087380+01:00 [INF] (System.Net.Http.HttpClient.tokenClient.ClientHandler) Sending HTTP request "POST" http://testapi.parallexbank.com/transferservice/transfer/IntraBankTransfer
2023-03-01T18:51:11.5669030+01:00 [INF] (System.Net.Http.HttpClient.tokenClient.ClientHandler) Received HTTP response headers after 1758.0955ms - 200
2023-03-01T18:51:11.5670450+01:00 [INF] (System.Net.Http.HttpClient.tokenClient.LogicalHandler) End processing HTTP request after 1758.5337ms - 200
2023-03-01T18:51:15.9270850+01:00 [INF] (System.Net.Http.HttpClient.tokenClient.LogicalHandler) Start processing HTTP request "POST" http://testapi.parallexbank.com/transferservice/transfer/IntraBankTransfer
2023-03-01T18:51:15.9272230+01:00 [INF] (System.Net.Http.HttpClient.tokenClient.ClientHandler) Sending HTTP request "POST" http://testapi.parallexbank.com/transferservice/transfer/IntraBankTransfer
2023-03-01T18:51:22.4380270+01:00 [INF] (System.Net.Http.HttpClient.tokenClient.ClientHandler) Received HTTP response headers after 6510.6952ms - 200
2023-03-01T18:51:22.4382170+01:00 [INF] (System.Net.Http.HttpClient.tokenClient.LogicalHandler) End processing HTTP request after 6511.0808ms - 200
2023-03-01T18:51:23.6517320+01:00 [INF] (System.Net.Http.HttpClient.tokenClient.LogicalHandler) Start processing HTTP request "POST" http://testapi.parallexbank.com/transferservice/transfer/IntraBankTransfer
2023-03-01T18:51:23.6518580+01:00 [INF] (System.Net.Http.HttpClient.tokenClient.ClientHandler) Sending HTTP request "POST" http://testapi.parallexbank.com/transferservice/transfer/IntraBankTransfer
2023-03-01T18:51:25.2331050+01:00 [INF] (System.Net.Http.HttpClient.tokenClient.ClientHandler) Received HTTP response headers after 1581.1879ms - 200
2023-03-01T18:51:25.2332530+01:00 [INF] (System.Net.Http.HttpClient.tokenClient.LogicalHandler) End processing HTTP request after 1581.5601ms - 200
2023-03-01T18:51:31.6382970+01:00 [INF] (System.Net.Http.HttpClient.tokenClient.LogicalHandler) Start processing HTTP request "POST" http://testapi.parallexbank.com/transferservice/transfer/IntraBankTransfer
2023-03-01T18:51:31.6383830+01:00 [INF] (System.Net.Http.HttpClient.tokenClient.ClientHandler) Sending HTTP request "POST" http://testapi.parallexbank.com/transferservice/transfer/IntraBankTransfer
2023-03-01T18:51:38.9717900+01:00 [INF] (System.Net.Http.HttpClient.tokenClient.ClientHandler) Received HTTP response headers after 7333.3058ms - 200
2023-03-01T18:51:38.9720260+01:00 [INF] (System.Net.Http.HttpClient.tokenClient.LogicalHandler) End processing HTTP request after 7333.7003ms - 200
2023-03-01T18:51:41.1199920+01:00 [INF] (System.Net.Http.HttpClient.tokenClient.LogicalHandler) Start processing HTTP request "POST" http://testapi.parallexbank.com/transferservice/transfer/IntraBankTransfer
2023-03-01T18:51:41.1367060+01:00 [INF] (System.Net.Http.HttpClient.tokenClient.ClientHandler) Sending HTTP request "POST" http://testapi.parallexbank.com/transferservice/transfer/IntraBankTransfer
2023-03-01T18:51:43.0370260+01:00 [INF] (System.Net.Http.HttpClient.tokenClient.ClientHandler) Received HTTP response headers after 1900.0844ms - 200
2023-03-01T18:51:43.0371640+01:00 [INF] (System.Net.Http.HttpClient.tokenClient.LogicalHandler) End processing HTTP request after 1917.2266ms - 200
2023-03-01T18:51:48.4618090+01:00 [INF] (System.Net.Http.HttpClient.tokenClient.LogicalHandler) Start processing HTTP request "POST" http://testapi.parallexbank.com/transferservice/transfer/IntraBankTransfer
2023-03-01T18:51:48.4618930+01:00 [INF] (System.Net.Http.HttpClient.tokenClient.ClientHandler) Sending HTTP request "POST" http://testapi.parallexbank.com/transferservice/transfer/IntraBankTransfer
2023-03-01T18:51:49.4114670+01:00 [INF] (System.Net.Http.HttpClient.tokenClient.ClientHandler) Received HTTP response headers after 949.5272ms - 200
2023-03-01T18:51:49.4115930+01:00 [INF] (System.Net.Http.HttpClient.tokenClient.LogicalHandler) End processing HTTP request after 949.7983ms - 200
