2023-02-28T12:24:05.6748550+01:00 [INF] () Application Starting.
2023-02-28T12:24:06.2236420+01:00 [INF] (Microsoft.Hosting.Lifetime) Application started. Press Ctrl+C to shut down.
2023-02-28T12:24:06.2262660+01:00 [INF] (Microsoft.Hosting.Lifetime) Hosting environment: "Development"
2023-02-28T12:24:06.2273500+01:00 [INF] (Microsoft.Hosting.Lifetime) Content root path: "/Users/kufregodwin/Projects/parallex-backend/CIB.IntraBankTransactionService"
2023-02-28T12:34:23.2463020+01:00 [INF] () Application Starting.
2023-02-28T12:34:23.7328880+01:00 [INF] (Microsoft.Hosting.Lifetime) Application started. Press Ctrl+C to shut down.
2023-02-28T12:34:23.7359010+01:00 [INF] (Microsoft.Hosting.Lifetime) Hosting environment: "Development"
2023-02-28T12:34:23.7371590+01:00 [INF] (Microsoft.Hosting.Lifetime) Content root path: "/Users/kufregodwin/Projects/parallex-backend/CIB.IntraBankTransactionService"
2023-02-28T12:36:15.6165870+01:00 [INF] () Application Starting.
2023-02-28T12:36:16.0981170+01:00 [INF] (Microsoft.Hosting.Lifetime) Application started. Press Ctrl+C to shut down.
2023-02-28T12:36:16.1012330+01:00 [INF] (Microsoft.Hosting.Lifetime) Hosting environment: "Development"
2023-02-28T12:36:16.1027780+01:00 [INF] (Microsoft.Hosting.Lifetime) Content root path: "/Users/kufregodwin/Projects/parallex-backend/CIB.IntraBankTransactionService"
2023-02-28T12:37:45.5455530+01:00 [INF] (System.Net.Http.HttpClient.tokenClient.LogicalHandler) Start processing HTTP request "POST" http://testapi.parallexbank.com/transferservice/transfer/IntraBankTransfer
2023-02-28T12:37:45.5498060+01:00 [INF] (System.Net.Http.HttpClient.tokenClient.ClientHandler) Sending HTTP request "POST" http://testapi.parallexbank.com/transferservice/transfer/IntraBankTransfer
2023-02-28T12:37:53.4511330+01:00 [INF] (System.Net.Http.HttpClient.tokenClient.ClientHandler) Received HTTP response headers after 7894.6995ms - 200
2023-02-28T12:37:53.4560440+01:00 [INF] (System.Net.Http.HttpClient.tokenClient.LogicalHandler) End processing HTTP request after 7925.8784ms - 200
2023-02-28T12:37:55.3819830+01:00 [INF] (System.Net.Http.HttpClient.tokenClient.LogicalHandler) Start processing HTTP request "POST" http://testapi.parallexbank.com/transferservice/transfer/IntraBankTransfer
2023-02-28T12:37:55.3821000+01:00 [INF] (System.Net.Http.HttpClient.tokenClient.ClientHandler) Sending HTTP request "POST" http://testapi.parallexbank.com/transferservice/transfer/IntraBankTransfer
2023-02-28T12:38:01.6493160+01:00 [INF] (System.Net.Http.HttpClient.tokenClient.ClientHandler) Received HTTP response headers after 6268.0643ms - 200
2023-02-28T12:38:01.6496450+01:00 [INF] (System.Net.Http.HttpClient.tokenClient.LogicalHandler) End processing HTTP request after 6268.6133ms - 200
2023-02-28T12:54:30.4507810+01:00 [INF] () Application Starting.
2023-02-28T12:54:30.9494860+01:00 [INF] (Microsoft.Hosting.Lifetime) Application started. Press Ctrl+C to shut down.
2023-02-28T12:54:30.9524080+01:00 [INF] (Microsoft.Hosting.Lifetime) Hosting environment: "Development"
2023-02-28T12:54:30.9535350+01:00 [INF] (Microsoft.Hosting.Lifetime) Content root path: "/Users/kufregodwin/Projects/parallex-backend/CIB.IntraBankTransactionService"
2023-02-28T12:56:56.4597730+01:00 [INF] (System.Net.Http.HttpClient.tokenClient.LogicalHandler) Start processing HTTP request "POST" http://testapi.parallexbank.com/transferservice/transfer/IntraBankTransfer
2023-02-28T12:56:56.4640700+01:00 [INF] (System.Net.Http.HttpClient.tokenClient.ClientHandler) Sending HTTP request "POST" http://testapi.parallexbank.com/transferservice/transfer/IntraBankTransfer
2023-02-28T12:57:04.6473240+01:00 [INF] (System.Net.Http.HttpClient.tokenClient.ClientHandler) Received HTTP response headers after 8179.1356ms - 200
2023-02-28T12:57:04.6499620+01:00 [INF] (System.Net.Http.HttpClient.tokenClient.LogicalHandler) End processing HTTP request after 8200.7594ms - 200
2023-02-28T12:57:06.2293650+01:00 [INF] (System.Net.Http.HttpClient.tokenClient.LogicalHandler) Start processing HTTP request "POST" http://testapi.parallexbank.com/transferservice/transfer/IntraBankTransfer
2023-02-28T12:57:06.2295470+01:00 [INF] (System.Net.Http.HttpClient.tokenClient.ClientHandler) Sending HTTP request "POST" http://testapi.parallexbank.com/transferservice/transfer/IntraBankTransfer
2023-02-28T12:57:12.8364440+01:00 [INF] (System.Net.Http.HttpClient.tokenClient.ClientHandler) Received HTTP response headers after 6607.1222ms - 200
2023-02-28T12:57:12.8365830+01:00 [INF] (System.Net.Http.HttpClient.tokenClient.LogicalHandler) End processing HTTP request after 6607.5987ms - 200
2023-02-28T13:00:51.6142430+01:00 [INF] () Application Starting.
2023-02-28T13:00:52.1295080+01:00 [INF] (Microsoft.Hosting.Lifetime) Application started. Press Ctrl+C to shut down.
2023-02-28T13:00:52.1338920+01:00 [INF] (Microsoft.Hosting.Lifetime) Hosting environment: "Development"
2023-02-28T13:00:52.1355270+01:00 [INF] (Microsoft.Hosting.Lifetime) Content root path: "/Users/kufregodwin/Projects/parallex-backend/CIB.IntraBankTransactionService"
2023-02-28T13:01:41.9803500+01:00 [INF] () Application Starting.
2023-02-28T13:01:42.5318910+01:00 [INF] (Microsoft.Hosting.Lifetime) Application started. Press Ctrl+C to shut down.
2023-02-28T13:01:42.5348880+01:00 [INF] (Microsoft.Hosting.Lifetime) Hosting environment: "Development"
2023-02-28T13:01:42.5363330+01:00 [INF] (Microsoft.Hosting.Lifetime) Content root path: "/Users/kufregodwin/Projects/parallex-backend/CIB.IntraBankTransactionService"
2023-02-28T13:02:31.8048170+01:00 [INF] (System.Net.Http.HttpClient.tokenClient.LogicalHandler) Start processing HTTP request "POST" http://testapi.parallexbank.com/transferservice/transfer/IntraBankTransfer
2023-02-28T13:02:31.8086570+01:00 [INF] (System.Net.Http.HttpClient.tokenClient.ClientHandler) Sending HTTP request "POST" http://testapi.parallexbank.com/transferservice/transfer/IntraBankTransfer
2023-02-28T13:02:38.3778110+01:00 [INF] (System.Net.Http.HttpClient.tokenClient.ClientHandler) Received HTTP response headers after 6560.699ms - 200
2023-02-28T13:02:38.3803980+01:00 [INF] (System.Net.Http.HttpClient.tokenClient.LogicalHandler) End processing HTTP request after 6586.1698ms - 200
2023-02-28T13:02:39.8281010+01:00 [INF] (System.Net.Http.HttpClient.tokenClient.LogicalHandler) Start processing HTTP request "POST" http://testapi.parallexbank.com/transferservice/transfer/IntraBankTransfer
2023-02-28T13:02:39.8282260+01:00 [INF] (System.Net.Http.HttpClient.tokenClient.ClientHandler) Sending HTTP request "POST" http://testapi.parallexbank.com/transferservice/transfer/IntraBankTransfer
2023-02-28T13:02:46.8909360+01:00 [INF] (System.Net.Http.HttpClient.tokenClient.ClientHandler) Received HTTP response headers after 7062.9978ms - 200
2023-02-28T13:02:46.8919040+01:00 [INF] (System.Net.Http.HttpClient.tokenClient.LogicalHandler) End processing HTTP request after 7064.1733ms - 200
2023-02-28T13:04:55.5316240+01:00 [INF] (System.Net.Http.HttpClient.tokenClient.LogicalHandler) Start processing HTTP request "POST" http://testapi.parallexbank.com/transferservice/transfer/IntraBankTransfer
2023-02-28T13:04:55.5328140+01:00 [INF] (System.Net.Http.HttpClient.tokenClient.ClientHandler) Sending HTTP request "POST" http://testapi.parallexbank.com/transferservice/transfer/IntraBankTransfer
2023-02-28T13:05:05.1855430+01:00 [INF] (System.Net.Http.HttpClient.tokenClient.ClientHandler) Received HTTP response headers after 9653.1018ms - 200
2023-02-28T13:05:05.1856380+01:00 [INF] (System.Net.Http.HttpClient.tokenClient.LogicalHandler) End processing HTTP request after 9654.5217ms - 200
2023-02-28T13:05:06.1899030+01:00 [INF] (System.Net.Http.HttpClient.tokenClient.LogicalHandler) Start processing HTTP request "POST" http://testapi.parallexbank.com/transferservice/transfer/IntraBankTransfer
2023-02-28T13:05:06.1900350+01:00 [INF] (System.Net.Http.HttpClient.tokenClient.ClientHandler) Sending HTTP request "POST" http://testapi.parallexbank.com/transferservice/transfer/IntraBankTransfer
2023-02-28T13:05:12.3024390+01:00 [INF] (System.Net.Http.HttpClient.tokenClient.ClientHandler) Received HTTP response headers after 6112.5858ms - 200
2023-02-28T13:05:12.3027170+01:00 [INF] (System.Net.Http.HttpClient.tokenClient.LogicalHandler) End processing HTTP request after 6113.1385ms - 200
2023-02-28T13:07:57.1218810+01:00 [INF] () Application Starting.
2023-02-28T13:07:57.6583720+01:00 [INF] (Microsoft.Hosting.Lifetime) Application started. Press Ctrl+C to shut down.
2023-02-28T13:07:57.6615960+01:00 [INF] (Microsoft.Hosting.Lifetime) Hosting environment: "Development"
2023-02-28T13:07:57.6627300+01:00 [INF] (Microsoft.Hosting.Lifetime) Content root path: "/Users/kufregodwin/Projects/parallex-backend/CIB.IntraBankTransactionService"
2023-02-28T13:10:05.0541010+01:00 [INF] () Application Starting.
2023-02-28T13:10:05.5983730+01:00 [INF] (Microsoft.Hosting.Lifetime) Application started. Press Ctrl+C to shut down.
2023-02-28T13:10:05.6034970+01:00 [INF] (Microsoft.Hosting.Lifetime) Hosting environment: "Development"
2023-02-28T13:10:05.6055680+01:00 [INF] (Microsoft.Hosting.Lifetime) Content root path: "/Users/kufregodwin/Projects/parallex-backend/CIB.IntraBankTransactionService"
2023-02-28T13:12:54.8121850+01:00 [INF] (System.Net.Http.HttpClient.tokenClient.LogicalHandler) Start processing HTTP request "POST" http://testapi.parallexbank.com/transferservice/transfer/IntraBankTransfer
2023-02-28T13:12:54.8156330+01:00 [INF] (System.Net.Http.HttpClient.tokenClient.ClientHandler) Sending HTTP request "POST" http://testapi.parallexbank.com/transferservice/transfer/IntraBankTransfer
2023-02-28T13:12:59.1221650+01:00 [INF] (System.Net.Http.HttpClient.tokenClient.ClientHandler) Received HTTP response headers after 4298.8458ms - 200
2023-02-28T13:12:59.1243710+01:00 [INF] (System.Net.Http.HttpClient.tokenClient.LogicalHandler) End processing HTTP request after 4321.7736ms - 200
2023-02-28T13:13:00.7279980+01:00 [INF] (System.Net.Http.HttpClient.tokenClient.LogicalHandler) Start processing HTTP request "POST" http://testapi.parallexbank.com/transferservice/transfer/IntraBankTransfer
2023-02-28T13:13:00.7280870+01:00 [INF] (System.Net.Http.HttpClient.tokenClient.ClientHandler) Sending HTTP request "POST" http://testapi.parallexbank.com/transferservice/transfer/IntraBankTransfer
2023-02-28T13:13:04.1484000+01:00 [INF] (System.Net.Http.HttpClient.tokenClient.ClientHandler) Received HTTP response headers after 3420.4097ms - 200
2023-02-28T13:13:04.1486850+01:00 [INF] (System.Net.Http.HttpClient.tokenClient.LogicalHandler) End processing HTTP request after 3420.8653ms - 200
2023-02-28T13:16:17.7411900+01:00 [INF] () Application Starting.
2023-02-28T13:16:18.2809600+01:00 [INF] (Microsoft.Hosting.Lifetime) Application started. Press Ctrl+C to shut down.
2023-02-28T13:16:18.2836480+01:00 [INF] (Microsoft.Hosting.Lifetime) Hosting environment: "Development"
2023-02-28T13:16:18.2849190+01:00 [INF] (Microsoft.Hosting.Lifetime) Content root path: "/Users/kufregodwin/Projects/parallex-backend/CIB.IntraBankTransactionService"
2023-02-28T13:17:23.6340440+01:00 [INF] (System.Net.Http.HttpClient.tokenClient.LogicalHandler) Start processing HTTP request "POST" http://testapi.parallexbank.com/transferservice/transfer/IntraBankTransfer
2023-02-28T13:17:23.6364620+01:00 [INF] (System.Net.Http.HttpClient.tokenClient.ClientHandler) Sending HTTP request "POST" http://testapi.parallexbank.com/transferservice/transfer/IntraBankTransfer
2023-02-28T13:17:30.2598260+01:00 [INF] (System.Net.Http.HttpClient.tokenClient.ClientHandler) Received HTTP response headers after 6615.3726ms - 200
2023-02-28T13:17:30.2629600+01:00 [INF] (System.Net.Http.HttpClient.tokenClient.LogicalHandler) End processing HTTP request after 6638.9018ms - 200
2023-02-28T13:17:31.2900110+01:00 [INF] (System.Net.Http.HttpClient.tokenClient.LogicalHandler) Start processing HTTP request "POST" http://testapi.parallexbank.com/transferservice/transfer/IntraBankTransfer
2023-02-28T13:17:31.2900960+01:00 [INF] (System.Net.Http.HttpClient.tokenClient.ClientHandler) Sending HTTP request "POST" http://testapi.parallexbank.com/transferservice/transfer/IntraBankTransfer
2023-02-28T13:17:38.2936650+01:00 [INF] (System.Net.Http.HttpClient.tokenClient.ClientHandler) Received HTTP response headers after 7003.8471ms - 200
2023-02-28T13:17:38.2941430+01:00 [INF] (System.Net.Http.HttpClient.tokenClient.LogicalHandler) End processing HTTP request after 7004.4735ms - 200
2023-02-28T13:25:28.2537640+01:00 [INF] () Application Starting.
2023-02-28T13:25:28.7618330+01:00 [INF] (Microsoft.Hosting.Lifetime) Application started. Press Ctrl+C to shut down.
2023-02-28T13:25:28.7647940+01:00 [INF] (Microsoft.Hosting.Lifetime) Hosting environment: "Development"
2023-02-28T13:25:28.7661940+01:00 [INF] (Microsoft.Hosting.Lifetime) Content root path: "/Users/kufregodwin/Projects/parallex-backend/CIB.IntraBankTransactionService"
2023-02-28T13:27:46.6738730+01:00 [INF] (System.Net.Http.HttpClient.tokenClient.LogicalHandler) Start processing HTTP request "POST" http://testapi.parallexbank.com/transferservice/transfer/IntraBankTransfer
2023-02-28T13:27:46.6763310+01:00 [INF] (System.Net.Http.HttpClient.tokenClient.ClientHandler) Sending HTTP request "POST" http://testapi.parallexbank.com/transferservice/transfer/IntraBankTransfer
2023-02-28T13:27:49.5802590+01:00 [INF] (System.Net.Http.HttpClient.tokenClient.ClientHandler) Received HTTP response headers after 2895.7464ms - 200
2023-02-28T13:27:49.5824690+01:00 [INF] (System.Net.Http.HttpClient.tokenClient.LogicalHandler) End processing HTTP request after 2918.1517ms - 200
2023-02-28T13:27:51.5157410+01:00 [INF] (System.Net.Http.HttpClient.tokenClient.LogicalHandler) Start processing HTTP request "POST" http://testapi.parallexbank.com/transferservice/transfer/IntraBankTransfer
2023-02-28T13:27:51.5158740+01:00 [INF] (System.Net.Http.HttpClient.tokenClient.ClientHandler) Sending HTTP request "POST" http://testapi.parallexbank.com/transferservice/transfer/IntraBankTransfer
2023-02-28T13:27:54.2454760+01:00 [INF] (System.Net.Http.HttpClient.tokenClient.ClientHandler) Received HTTP response headers after 2729.6167ms - 200
2023-02-28T13:27:54.2457080+01:00 [INF] (System.Net.Http.HttpClient.tokenClient.LogicalHandler) End processing HTTP request after 2730.1032ms - 200
2023-02-28T13:31:37.6125350+01:00 [INF] () Application Starting.
2023-02-28T13:31:38.0980020+01:00 [INF] (Microsoft.Hosting.Lifetime) Application started. Press Ctrl+C to shut down.
2023-02-28T13:31:38.1021320+01:00 [INF] (Microsoft.Hosting.Lifetime) Hosting environment: "Development"
2023-02-28T13:31:38.1032890+01:00 [INF] (Microsoft.Hosting.Lifetime) Content root path: "/Users/kufregodwin/Projects/parallex-backend/CIB.IntraBankTransactionService"
2023-02-28T13:34:19.5081130+01:00 [INF] (System.Net.Http.HttpClient.tokenClient.LogicalHandler) Start processing HTTP request "POST" http://testapi.parallexbank.com/transferservice/transfer/IntraBankTransfer
2023-02-28T13:34:19.5125450+01:00 [INF] (System.Net.Http.HttpClient.tokenClient.ClientHandler) Sending HTTP request "POST" http://testapi.parallexbank.com/transferservice/transfer/IntraBankTransfer
2023-02-28T13:34:22.0470190+01:00 [INF] (System.Net.Http.HttpClient.tokenClient.ClientHandler) Received HTTP response headers after 2527.0727ms - 200
2023-02-28T13:34:22.0493970+01:00 [INF] (System.Net.Http.HttpClient.tokenClient.LogicalHandler) End processing HTTP request after 2552.2194ms - 200
2023-02-28T13:34:23.3510400+01:00 [INF] (System.Net.Http.HttpClient.tokenClient.LogicalHandler) Start processing HTTP request "POST" http://testapi.parallexbank.com/transferservice/transfer/IntraBankTransfer
2023-02-28T13:34:23.3511650+01:00 [INF] (System.Net.Http.HttpClient.tokenClient.ClientHandler) Sending HTTP request "POST" http://testapi.parallexbank.com/transferservice/transfer/IntraBankTransfer
2023-02-28T13:34:25.7767740+01:00 [INF] (System.Net.Http.HttpClient.tokenClient.ClientHandler) Received HTTP response headers after 2425.6132ms - 200
2023-02-28T13:34:25.7771070+01:00 [INF] (System.Net.Http.HttpClient.tokenClient.LogicalHandler) End processing HTTP request after 2426.1806ms - 200
2023-02-28T13:36:11.0272460+01:00 [INF] (System.Net.Http.HttpClient.tokenClient.LogicalHandler) Start processing HTTP request "POST" http://testapi.parallexbank.com/transferservice/transfer/IntraBankTransfer
2023-02-28T13:36:11.0293470+01:00 [INF] (System.Net.Http.HttpClient.tokenClient.ClientHandler) Sending HTTP request "POST" http://testapi.parallexbank.com/transferservice/transfer/IntraBankTransfer
2023-02-28T13:36:13.8234770+01:00 [INF] (System.Net.Http.HttpClient.tokenClient.ClientHandler) Received HTTP response headers after 2794.1677ms - 200
2023-02-28T13:36:13.8236680+01:00 [INF] (System.Net.Http.HttpClient.tokenClient.LogicalHandler) End processing HTTP request after 2796.5505ms - 200
2023-02-28T13:36:15.7167200+01:00 [INF] (System.Net.Http.HttpClient.tokenClient.LogicalHandler) Start processing HTTP request "POST" http://testapi.parallexbank.com/transferservice/transfer/IntraBankTransfer
2023-02-28T13:36:15.7169570+01:00 [INF] (System.Net.Http.HttpClient.tokenClient.ClientHandler) Sending HTTP request "POST" http://testapi.parallexbank.com/transferservice/transfer/IntraBankTransfer
2023-02-28T13:36:18.5158950+01:00 [INF] (System.Net.Http.HttpClient.tokenClient.ClientHandler) Received HTTP response headers after 2798.9608ms - 200
2023-02-28T13:36:18.5162360+01:00 [INF] (System.Net.Http.HttpClient.tokenClient.LogicalHandler) End processing HTTP request after 2799.6563ms - 200
2023-02-28T13:40:11.9124730+01:00 [INF] () Application Starting.
2023-02-28T13:40:12.4662560+01:00 [INF] (Microsoft.Hosting.Lifetime) Application started. Press Ctrl+C to shut down.
2023-02-28T13:40:12.4702710+01:00 [INF] (Microsoft.Hosting.Lifetime) Hosting environment: "Development"
2023-02-28T13:40:12.4719150+01:00 [INF] (Microsoft.Hosting.Lifetime) Content root path: "/Users/kufregodwin/Projects/parallex-backend/CIB.IntraBankTransactionService"
2023-02-28T13:40:27.1265660+01:00 [INF] (System.Net.Http.HttpClient.tokenClient.LogicalHandler) Start processing HTTP request "POST" http://testapi.parallexbank.com/transferservice/transfer/IntraBankTransfer
2023-02-28T13:40:27.1297650+01:00 [INF] (System.Net.Http.HttpClient.tokenClient.ClientHandler) Sending HTTP request "POST" http://testapi.parallexbank.com/transferservice/transfer/IntraBankTransfer
2023-02-28T13:40:30.8377360+01:00 [INF] (System.Net.Http.HttpClient.tokenClient.ClientHandler) Received HTTP response headers after 3703.8121ms - 200
2023-02-28T13:40:30.8394000+01:00 [INF] (System.Net.Http.HttpClient.tokenClient.LogicalHandler) End processing HTTP request after 3722.6379ms - 200
2023-02-28T13:40:35.6774660+01:00 [INF] (System.Net.Http.HttpClient.tokenClient.LogicalHandler) Start processing HTTP request "POST" http://testapi.parallexbank.com/transferservice/transfer/IntraBankTransfer
2023-02-28T13:40:35.6775870+01:00 [INF] (System.Net.Http.HttpClient.tokenClient.ClientHandler) Sending HTTP request "POST" http://testapi.parallexbank.com/transferservice/transfer/IntraBankTransfer
2023-02-28T13:40:38.6207530+01:00 [INF] (System.Net.Http.HttpClient.tokenClient.ClientHandler) Received HTTP response headers after 2943.1938ms - 200
2023-02-28T13:40:38.6209740+01:00 [INF] (System.Net.Http.HttpClient.tokenClient.LogicalHandler) End processing HTTP request after 2943.6232ms - 200
